<?xml version="1.0" encoding="UTF-8"?>
<!-- Generated by org.testng.reporters.JUnitXMLReporter -->
<testsuite ignored="0" hostname="Bujuku" failures="1" tests="10" name="Books Wagon Testing" time="241.852" errors="0" timestamp="2024-02-29T20:04:42 IST">
  <testcase classname="io.cucumber.testng.AbstractTestNGCucumberTests" name="runScenario" time="14.517"/>
  <testcase classname="io.cucumber.testng.AbstractTestNGCucumberTests" name="runScenario" time="19.18"/>
  <testcase classname="io.cucumber.testng.AbstractTestNGCucumberTests" name="runScenario" time="6.127"/>
  <testcase classname="io.cucumber.testng.AbstractTestNGCucumberTests" name="runScenario" time="8.013"/>
  <testcase classname="io.cucumber.testng.AbstractTestNGCucumberTests" name="runScenario" time="20.27"/>
  <testcase classname="io.cucumber.testng.AbstractTestNGCucumberTests" name="runScenario" time="9.704">
    <skipped/>
  </testcase> <!-- runScenario -->
  <testcase classname="io.cucumber.testng.AbstractTestNGCucumberTests" name="runScenario" time="8.977">
    <skipped/>
  </testcase> <!-- runScenario -->
  <testcase classname="io.cucumber.testng.AbstractTestNGCucumberTests" name="runScenario" time="14.621">
    <failure type="java.lang.AssertionError" message="expected [Please enter correct password.] but found [Please enter correct Passwor]">
      <![CDATA[java.lang.AssertionError: expected [Please enter correct password.] but found [Please enter correct Passwor]
at com.bookswagon.pages.LoginPage.getWrongPasswordErrorMessage(LoginPage.java:64)
at com.bookswagon.stepdefinitions.LoginStepDefinitions.the_user_should_see_an_error_message_for_wrong_password_wrong_username(LoginStepDefinitions.java:137)
at ✽.the user should see an error message for wrong password/wrong username(file:///C:/RLL/RLL-Group-5-BooksWagon/src/test/resources/Features/Login.feature:17)
... Removed 6 stack frames]]>
    </failure>
  </testcase> <!-- runScenario -->
  <testcase classname="io.cucumber.testng.AbstractTestNGCucumberTests" name="runScenario" time="44.186"/>
  <testcase classname="io.cucumber.testng.AbstractTestNGCucumberTests" name="runScenario" time="50.493">
    <skipped/>
  </testcase> <!-- runScenario -->
</testsuite> <!-- Books Wagon Testing -->
