<?xml version="1.0" encoding="UTF-8"?>
<testng-results retried="6" ignored="0" total="22" passed="13" failed="3" skipped="0">
  <reporter-output>
  </reporter-output>
  <suite started-at="2024-02-29T15:00:46 IST" name="Suite" finished-at="2024-02-29T15:14:13 IST" duration-ms="807570">
    <groups>
      <group name="cucumber">
        <method signature="AbstractTestNGCucumberTests.runScenario(io.cucumber.testng.PickleWrapper,io.cucumber.testng.FeatureWrapper)[pri:0, instance:com.bookswagon.runner.TestRunner@304bb45b]" name="runScenario" class="io.cucumber.testng.AbstractTestNGCucumberTests"/>
      </group> <!-- cucumber -->
    </groups>
    <test started-at="2024-02-29T15:00:46 IST" name="Books Wagon Testing" finished-at="2024-02-29T15:14:13 IST" duration-ms="807570">
      <class name="com.bookswagon.runner.TestRunner">
        <test-method is-config="true" signature="setUpClass(org.testng.ITestContext)[pri:0, instance:com.bookswagon.runner.TestRunner@304bb45b]" started-at="2024-02-29T15:00:46 IST" name="setUpClass" finished-at="2024-02-29T15:00:46 IST" duration-ms="653" status="PASS">
          <params>
            <param index="0">
              <value>
                <![CDATA[org.testng.TestRunner@665574fb]]>
              </value>
            </param>
          </params>
          <reporter-output>
          </reporter-output>
        </test-method> <!-- setUpClass -->
        <test-method signature="runScenario(io.cucumber.testng.PickleWrapper,io.cucumber.testng.FeatureWrapper)[pri:0, instance:com.bookswagon.runner.TestRunner@304bb45b]" started-at="2024-02-29T15:00:46 IST" name="runScenario" description="Runs Cucumber Scenarios" data-provider="scenarios" finished-at="2024-02-29T15:01:11 IST" duration-ms="24470" status="PASS">
          <params>
            <param index="0">
              <value>
                <![CDATA["Shopping cart functionality"]]>
              </value>
            </param>
            <param index="1">
              <value>
                <![CDATA["To test the bookswagon page for shopping cart"]]>
              </value>
            </param>
          </params>
          <reporter-output>
          </reporter-output>
        </test-method> <!-- runScenario -->
        <test-method signature="runScenario(io.cucumber.testng.PickleWrapper,io.cucumber.testng.FeatureWrapper)[pri:0, instance:com.bookswagon.runner.TestRunner@304bb45b]" started-at="2024-02-29T15:01:12 IST" name="runScenario" description="Runs Cucumber Scenarios" data-provider="scenarios" finished-at="2024-02-29T15:01:47 IST" duration-ms="35816" status="PASS">
          <params>
            <param index="0">
              <value>
                <![CDATA["User can add/edit and remove the Address"]]>
              </value>
            </param>
            <param index="1">
              <value>
                <![CDATA["Bookswagon Personal Settings"]]>
              </value>
            </param>
          </params>
          <reporter-output>
          </reporter-output>
        </test-method> <!-- runScenario -->
        <test-method signature="runScenario(io.cucumber.testng.PickleWrapper,io.cucumber.testng.FeatureWrapper)[pri:0, instance:com.bookswagon.runner.TestRunner@304bb45b]" started-at="2024-02-29T15:01:48 IST" name="runScenario" description="Runs Cucumber Scenarios" data-provider="scenarios" finished-at="2024-02-29T15:02:06 IST" duration-ms="17828" status="PASS">
          <params>
            <param index="0">
              <value>
                <![CDATA["Navigate to the Award winners page and sorting operation"]]>
              </value>
            </param>
            <param index="1">
              <value>
                <![CDATA["Award winners/sort By"]]>
              </value>
            </param>
          </params>
          <reporter-output>
          </reporter-output>
        </test-method> <!-- runScenario -->
        <test-method signature="runScenario(io.cucumber.testng.PickleWrapper,io.cucumber.testng.FeatureWrapper)[pri:0, instance:com.bookswagon.runner.TestRunner@304bb45b]" started-at="2024-02-29T15:02:06 IST" name="runScenario" description="Runs Cucumber Scenarios" data-provider="scenarios" finished-at="2024-02-29T15:02:28 IST" duration-ms="21570" status="PASS">
          <params>
            <param index="0">
              <value>
                <![CDATA["Sorting Award winners page and adding the product to cart"]]>
              </value>
            </param>
            <param index="1">
              <value>
                <![CDATA["Award winners/sort By"]]>
              </value>
            </param>
          </params>
          <reporter-output>
          </reporter-output>
        </test-method> <!-- runScenario -->
        <test-method signature="runScenario(io.cucumber.testng.PickleWrapper,io.cucumber.testng.FeatureWrapper)[pri:0, instance:com.bookswagon.runner.TestRunner@304bb45b]" started-at="2024-02-29T15:02:29 IST" name="runScenario" description="Runs Cucumber Scenarios" data-provider="scenarios" finished-at="2024-02-29T15:02:52 IST" duration-ms="23280" status="PASS">
          <params>
            <param index="0">
              <value>
                <![CDATA["Login with valid credentials"]]>
              </value>
            </param>
            <param index="1">
              <value>
                <![CDATA["To test the functionality of Books Wagon page for login page"]]>
              </value>
            </param>
          </params>
          <reporter-output>
          </reporter-output>
        </test-method> <!-- runScenario -->
        <test-method retried="true" signature="runScenario(io.cucumber.testng.PickleWrapper,io.cucumber.testng.FeatureWrapper)[pri:0, instance:com.bookswagon.runner.TestRunner@304bb45b]" started-at="2024-02-29T15:02:52 IST" name="runScenario" description="Runs Cucumber Scenarios" data-provider="scenarios" finished-at="2024-02-29T15:03:16 IST" duration-ms="23660" status="SKIP">
          <params>
            <param index="0">
              <value>
                <![CDATA["Login with invalid credentials"]]>
              </value>
            </param>
            <param index="1">
              <value>
                <![CDATA["To test the functionality of Books Wagon page for login page"]]>
              </value>
            </param>
          </params>
          <exception class="java.lang.AssertionError">
            <message>
              <![CDATA[expected [Please enter correct password.] but found [Please enter correct Passwor]]]>
            </message>
            <full-stacktrace>
              <![CDATA[java.lang.AssertionError: expected [Please enter correct password.] but found [Please enter correct Passwor]
at org.testng.Assert.fail(Assert.java:110)
at org.testng.Assert.failNotEquals(Assert.java:1577)
at org.testng.Assert.assertEqualsImpl(Assert.java:149)
at org.testng.Assert.assertEquals(Assert.java:131)
at org.testng.Assert.assertEquals(Assert.java:655)
at org.testng.Assert.assertEquals(Assert.java:665)
at com.bookswagon.pages.LoginPage.getWrongPasswordErrorMessage(LoginPage.java:64)
at com.bookswagon.stepdefinitions.LoginStepDefinitions.the_user_should_see_an_error_message_for_wrong_password_wrong_username(LoginStepDefinitions.java:137)
at ✽.the user should see an error message for wrong password/wrong username(file:///C:/RLL/RLL-Group-5-BooksWagon/src/test/resources/Features/Login.feature:17)
]]>
            </full-stacktrace>
          </exception> <!-- java.lang.AssertionError -->
          <reporter-output>
          </reporter-output>
        </test-method> <!-- runScenario -->
        <test-method retried="true" signature="runScenario(io.cucumber.testng.PickleWrapper,io.cucumber.testng.FeatureWrapper)[pri:0, instance:com.bookswagon.runner.TestRunner@304bb45b]" started-at="2024-02-29T15:03:16 IST" name="runScenario" description="Runs Cucumber Scenarios" data-provider="scenarios" finished-at="2024-02-29T15:03:35 IST" duration-ms="19212" status="SKIP">
          <params>
            <param index="0">
              <value>
                <![CDATA["Login with invalid credentials"]]>
              </value>
            </param>
            <param index="1">
              <value>
                <![CDATA["To test the functionality of Books Wagon page for login page"]]>
              </value>
            </param>
          </params>
          <exception class="java.lang.AssertionError">
            <message>
              <![CDATA[expected [Please enter correct password.] but found [Please enter correct Passwor]]]>
            </message>
            <full-stacktrace>
              <![CDATA[java.lang.AssertionError: expected [Please enter correct password.] but found [Please enter correct Passwor]
at org.testng.Assert.fail(Assert.java:110)
at org.testng.Assert.failNotEquals(Assert.java:1577)
at org.testng.Assert.assertEqualsImpl(Assert.java:149)
at org.testng.Assert.assertEquals(Assert.java:131)
at org.testng.Assert.assertEquals(Assert.java:655)
at org.testng.Assert.assertEquals(Assert.java:665)
at com.bookswagon.pages.LoginPage.getWrongPasswordErrorMessage(LoginPage.java:64)
at com.bookswagon.stepdefinitions.LoginStepDefinitions.the_user_should_see_an_error_message_for_wrong_password_wrong_username(LoginStepDefinitions.java:137)
at ✽.the user should see an error message for wrong password/wrong username(file:///C:/RLL/RLL-Group-5-BooksWagon/src/test/resources/Features/Login.feature:17)
]]>
            </full-stacktrace>
          </exception> <!-- java.lang.AssertionError -->
          <reporter-output>
          </reporter-output>
        </test-method> <!-- runScenario -->
        <test-method signature="runScenario(io.cucumber.testng.PickleWrapper,io.cucumber.testng.FeatureWrapper)[pri:0, instance:com.bookswagon.runner.TestRunner@304bb45b]" started-at="2024-02-29T15:03:35 IST" name="runScenario" description="Runs Cucumber Scenarios" data-provider="scenarios" finished-at="2024-02-29T15:03:55 IST" duration-ms="19580" status="FAIL">
          <params>
            <param index="0">
              <value>
                <![CDATA["Login with invalid credentials"]]>
              </value>
            </param>
            <param index="1">
              <value>
                <![CDATA["To test the functionality of Books Wagon page for login page"]]>
              </value>
            </param>
          </params>
          <exception class="java.lang.AssertionError">
            <message>
              <![CDATA[expected [Please enter correct password.] but found [Please enter correct Passwor]]]>
            </message>
            <full-stacktrace>
              <![CDATA[java.lang.AssertionError: expected [Please enter correct password.] but found [Please enter correct Passwor]
at org.testng.Assert.fail(Assert.java:110)
at org.testng.Assert.failNotEquals(Assert.java:1577)
at org.testng.Assert.assertEqualsImpl(Assert.java:149)
at org.testng.Assert.assertEquals(Assert.java:131)
at org.testng.Assert.assertEquals(Assert.java:655)
at org.testng.Assert.assertEquals(Assert.java:665)
at com.bookswagon.pages.LoginPage.getWrongPasswordErrorMessage(LoginPage.java:64)
at com.bookswagon.stepdefinitions.LoginStepDefinitions.the_user_should_see_an_error_message_for_wrong_password_wrong_username(LoginStepDefinitions.java:137)
at ✽.the user should see an error message for wrong password/wrong username(file:///C:/RLL/RLL-Group-5-BooksWagon/src/test/resources/Features/Login.feature:17)
]]>
            </full-stacktrace>
          </exception> <!-- java.lang.AssertionError -->
          <reporter-output>
          </reporter-output>
        </test-method> <!-- runScenario -->
        <test-method signature="runScenario(io.cucumber.testng.PickleWrapper,io.cucumber.testng.FeatureWrapper)[pri:0, instance:com.bookswagon.runner.TestRunner@304bb45b]" started-at="2024-02-29T15:03:56 IST" name="runScenario" description="Runs Cucumber Scenarios" data-provider="scenarios" finished-at="2024-02-29T15:04:53 IST" duration-ms="57016" status="PASS">
          <params>
            <param index="0">
              <value>
                <![CDATA["User can be able to update the personal settings"]]>
              </value>
            </param>
            <param index="1">
              <value>
                <![CDATA["Bookswagon Personal Settings"]]>
              </value>
            </param>
          </params>
          <reporter-output>
          </reporter-output>
        </test-method> <!-- runScenario -->
        <test-method retried="true" signature="runScenario(io.cucumber.testng.PickleWrapper,io.cucumber.testng.FeatureWrapper)[pri:0, instance:com.bookswagon.runner.TestRunner@304bb45b]" started-at="2024-02-29T15:04:54 IST" name="runScenario" description="Runs Cucumber Scenarios" data-provider="scenarios" finished-at="2024-02-29T15:05:50 IST" duration-ms="55988" status="SKIP">
          <params>
            <param index="0">
              <value>
                <![CDATA["User can not be able update the personal settings without filling mandatory deatils"]]>
              </value>
            </param>
            <param index="1">
              <value>
                <![CDATA["Bookswagon Personal Settings"]]>
              </value>
            </param>
          </params>
          <exception class="java.lang.AssertionError">
            <message>
              <![CDATA[expected [true] but found [false]]]>
            </message>
            <full-stacktrace>
              <![CDATA[java.lang.AssertionError: expected [true] but found [false]
at org.testng.Assert.fail(Assert.java:110)
at org.testng.Assert.failNotEquals(Assert.java:1577)
at org.testng.Assert.assertTrue(Assert.java:56)
at org.testng.Assert.assertTrue(Assert.java:66)
at com.bookswagon.stepdefinitions.PersonalSettingStepdefinition.user_can_not_update_the_details(PersonalSettingStepdefinition.java:111)
at ✽.User can not update the details(file:///C:/RLL/RLL-Group-5-BooksWagon/src/test/resources/Features/PersonalSettings.feature:24)
]]>
            </full-stacktrace>
          </exception> <!-- java.lang.AssertionError -->
          <reporter-output>
          </reporter-output>
        </test-method> <!-- runScenario -->
        <test-method retried="true" signature="runScenario(io.cucumber.testng.PickleWrapper,io.cucumber.testng.FeatureWrapper)[pri:0, instance:com.bookswagon.runner.TestRunner@304bb45b]" started-at="2024-02-29T15:05:50 IST" name="runScenario" description="Runs Cucumber Scenarios" data-provider="scenarios" finished-at="2024-02-29T15:06:47 IST" duration-ms="56655" status="SKIP">
          <params>
            <param index="0">
              <value>
                <![CDATA["User can not be able update the personal settings without filling mandatory deatils"]]>
              </value>
            </param>
            <param index="1">
              <value>
                <![CDATA["Bookswagon Personal Settings"]]>
              </value>
            </param>
          </params>
          <exception class="java.lang.AssertionError">
            <message>
              <![CDATA[expected [true] but found [false]]]>
            </message>
            <full-stacktrace>
              <![CDATA[java.lang.AssertionError: expected [true] but found [false]
at org.testng.Assert.fail(Assert.java:110)
at org.testng.Assert.failNotEquals(Assert.java:1577)
at org.testng.Assert.assertTrue(Assert.java:56)
at org.testng.Assert.assertTrue(Assert.java:66)
at com.bookswagon.stepdefinitions.PersonalSettingStepdefinition.user_can_not_update_the_details(PersonalSettingStepdefinition.java:111)
at ✽.User can not update the details(file:///C:/RLL/RLL-Group-5-BooksWagon/src/test/resources/Features/PersonalSettings.feature:24)
]]>
            </full-stacktrace>
          </exception> <!-- java.lang.AssertionError -->
          <reporter-output>
          </reporter-output>
        </test-method> <!-- runScenario -->
        <test-method signature="runScenario(io.cucumber.testng.PickleWrapper,io.cucumber.testng.FeatureWrapper)[pri:0, instance:com.bookswagon.runner.TestRunner@304bb45b]" started-at="2024-02-29T15:06:47 IST" name="runScenario" description="Runs Cucumber Scenarios" data-provider="scenarios" finished-at="2024-02-29T15:07:38 IST" duration-ms="51458" status="FAIL">
          <params>
            <param index="0">
              <value>
                <![CDATA["User can not be able update the personal settings without filling mandatory deatils"]]>
              </value>
            </param>
            <param index="1">
              <value>
                <![CDATA["Bookswagon Personal Settings"]]>
              </value>
            </param>
          </params>
          <exception class="java.lang.AssertionError">
            <message>
              <![CDATA[expected [true] but found [false]]]>
            </message>
            <full-stacktrace>
              <![CDATA[java.lang.AssertionError: expected [true] but found [false]
at org.testng.Assert.fail(Assert.java:110)
at org.testng.Assert.failNotEquals(Assert.java:1577)
at org.testng.Assert.assertTrue(Assert.java:56)
at org.testng.Assert.assertTrue(Assert.java:66)
at com.bookswagon.stepdefinitions.PersonalSettingStepdefinition.user_can_not_update_the_details(PersonalSettingStepdefinition.java:111)
at ✽.User can not update the details(file:///C:/RLL/RLL-Group-5-BooksWagon/src/test/resources/Features/PersonalSettings.feature:24)
]]>
            </full-stacktrace>
          </exception> <!-- java.lang.AssertionError -->
          <reporter-output>
          </reporter-output>
        </test-method> <!-- runScenario -->
        <test-method retried="true" signature="runScenario(io.cucumber.testng.PickleWrapper,io.cucumber.testng.FeatureWrapper)[pri:0, instance:com.bookswagon.runner.TestRunner@304bb45b]" started-at="2024-02-29T15:07:39 IST" name="runScenario" description="Runs Cucumber Scenarios" data-provider="scenarios" finished-at="2024-02-29T15:08:59 IST" duration-ms="80276" status="SKIP">
          <params>
            <param index="0">
              <value>
                <![CDATA["to test the Login page"]]>
              </value>
            </param>
            <param index="1">
              <value>
                <![CDATA["to test the Books Wagon for register page"]]>
              </value>
            </param>
          </params>
          <exception class="org.openqa.selenium.ElementNotInteractableException">
            <message>
              <![CDATA[element not interactable
  (Session info: chrome=122.0.6261.95)
Build info: version: '4.11.0', revision: '040bc5406b'
System info: os.name: 'Windows 11', os.arch: 'amd64', os.version: '10.0', java.version: '17.0.9'
Driver info: org.openqa.selenium.chrome.ChromeDriver
Command: [6d17da84fb9ae327c99c72c43e1f04d6, sendKeysToElement {id=f.4908C3F457B3B7FC4081AD50380028C6.d.00AC187C6C15B7ED4E8ECB70B7A5A79C.e.417, value=[Ljava.lang.CharSequence;@2f4fc18}]
Capabilities {acceptInsecureCerts: false, browserName: chrome, browserVersion: 122.0.6261.95, chrome: {chromedriverVersion: 122.0.6261.94 (880dbf29479c..., userDataDir: C:\Users\vetri\AppData\Loca...}, fedcm:accounts: true, goog:chromeOptions: {debuggerAddress: localhost:17920}, networkConnectionEnabled: false, pageLoadStrategy: normal, platformName: windows, proxy: Proxy(), se:cdp: ws://localhost:17920/devtoo..., se:cdpVersion: 122.0.6261.95, setWindowRect: true, strictFileInteractability: false, timeouts: {implicit: 0, pageLoad: 300000, script: 30000}, unhandledPromptBehavior: dismiss and notify, webauthn:extension:credBlob: true, webauthn:extension:largeBlob: true, webauthn:extension:minPinLength: true, webauthn:extension:prf: true, webauthn:virtualAuthenticators: true}
Element: [[ChromeDriver: chrome on windows (6d17da84fb9ae327c99c72c43e1f04d6)] -> xpath: //input[@id='ctl00_phBody_SignUp_txtPassword']]
Session ID: 6d17da84fb9ae327c99c72c43e1f04d6]]>
            </message>
            <full-stacktrace>
              <![CDATA[org.openqa.selenium.ElementNotInteractableException: element not interactable
  (Session info: chrome=122.0.6261.95)
Build info: version: '4.11.0', revision: '040bc5406b'
System info: os.name: 'Windows 11', os.arch: 'amd64', os.version: '10.0', java.version: '17.0.9'
Driver info: org.openqa.selenium.chrome.ChromeDriver
Command: [6d17da84fb9ae327c99c72c43e1f04d6, sendKeysToElement {id=f.4908C3F457B3B7FC4081AD50380028C6.d.00AC187C6C15B7ED4E8ECB70B7A5A79C.e.417, value=[Ljava.lang.CharSequence;@2f4fc18}]
Capabilities {acceptInsecureCerts: false, browserName: chrome, browserVersion: 122.0.6261.95, chrome: {chromedriverVersion: 122.0.6261.94 (880dbf29479c..., userDataDir: C:\Users\vetri\AppData\Loca...}, fedcm:accounts: true, goog:chromeOptions: {debuggerAddress: localhost:17920}, networkConnectionEnabled: false, pageLoadStrategy: normal, platformName: windows, proxy: Proxy(), se:cdp: ws://localhost:17920/devtoo..., se:cdpVersion: 122.0.6261.95, setWindowRect: true, strictFileInteractability: false, timeouts: {implicit: 0, pageLoad: 300000, script: 30000}, unhandledPromptBehavior: dismiss and notify, webauthn:extension:credBlob: true, webauthn:extension:largeBlob: true, webauthn:extension:minPinLength: true, webauthn:extension:prf: true, webauthn:virtualAuthenticators: true}
Element: [[ChromeDriver: chrome on windows (6d17da84fb9ae327c99c72c43e1f04d6)] -> xpath: //input[@id='ctl00_phBody_SignUp_txtPassword']]
Session ID: 6d17da84fb9ae327c99c72c43e1f04d6
at java.base/jdk.internal.reflect.NativeConstructorAccessorImpl.newInstance0(Native Method)
at java.base/jdk.internal.reflect.NativeConstructorAccessorImpl.newInstance(NativeConstructorAccessorImpl.java:77)
at java.base/jdk.internal.reflect.DelegatingConstructorAccessorImpl.newInstance(DelegatingConstructorAccessorImpl.java:45)
at java.base/java.lang.reflect.Constructor.newInstanceWithCaller(Constructor.java:499)
at java.base/java.lang.reflect.Constructor.newInstance(Constructor.java:480)
at org.openqa.selenium.remote.codec.w3c.W3CHttpResponseCodec.createException(W3CHttpResponseCodec.java:200)
at org.openqa.selenium.remote.codec.w3c.W3CHttpResponseCodec.decode(W3CHttpResponseCodec.java:133)
at org.openqa.selenium.remote.codec.w3c.W3CHttpResponseCodec.decode(W3CHttpResponseCodec.java:52)
at org.openqa.selenium.remote.HttpCommandExecutor.execute(HttpCommandExecutor.java:191)
at org.openqa.selenium.remote.service.DriverCommandExecutor.invokeExecute(DriverCommandExecutor.java:196)
at org.openqa.selenium.remote.service.DriverCommandExecutor.execute(DriverCommandExecutor.java:171)
at org.openqa.selenium.remote.RemoteWebDriver.execute(RemoteWebDriver.java:518)
at org.openqa.selenium.remote.RemoteWebElement.execute(RemoteWebElement.java:224)
at org.openqa.selenium.remote.RemoteWebElement.sendKeys(RemoteWebElement.java:111)
at jdk.internal.reflect.GeneratedMethodAccessor74.invoke(Unknown Source)
at java.base/jdk.internal.reflect.DelegatingMethodAccessorImpl.invoke(DelegatingMethodAccessorImpl.java:43)
at java.base/java.lang.reflect.Method.invoke(Method.java:568)
at org.openqa.selenium.support.pagefactory.internal.LocatingElementHandler.invoke(LocatingElementHandler.java:51)
at jdk.proxy2/jdk.proxy2.$Proxy33.sendKeys(Unknown Source)
at com.bookswagon.pages.RegisterPage.enterPassword(RegisterPage.java:70)
at com.bookswagon.stepdefinitions.RegisterStepDefinition.user_enter_password_as(RegisterStepDefinition.java:69)
at ✽.user enter password as 'Jaya@111'(file:///C:/RLL/RLL-Group-5-BooksWagon/src/test/resources/Features/Registration.feature:11)
]]>
            </full-stacktrace>
          </exception> <!-- org.openqa.selenium.ElementNotInteractableException -->
          <reporter-output>
          </reporter-output>
        </test-method> <!-- runScenario -->
        <test-method retried="true" signature="runScenario(io.cucumber.testng.PickleWrapper,io.cucumber.testng.FeatureWrapper)[pri:0, instance:com.bookswagon.runner.TestRunner@304bb45b]" started-at="2024-02-29T15:08:59 IST" name="runScenario" description="Runs Cucumber Scenarios" data-provider="scenarios" finished-at="2024-02-29T15:10:15 IST" duration-ms="75698" status="SKIP">
          <params>
            <param index="0">
              <value>
                <![CDATA["to test the Login page"]]>
              </value>
            </param>
            <param index="1">
              <value>
                <![CDATA["to test the Books Wagon for register page"]]>
              </value>
            </param>
          </params>
          <exception class="org.openqa.selenium.ElementNotInteractableException">
            <message>
              <![CDATA[element not interactable
  (Session info: chrome=122.0.6261.95)
Build info: version: '4.11.0', revision: '040bc5406b'
System info: os.name: 'Windows 11', os.arch: 'amd64', os.version: '10.0', java.version: '17.0.9'
Driver info: org.openqa.selenium.chrome.ChromeDriver
Command: [2db0ad0ce7e49865bf122df5e0f96aa5, sendKeysToElement {id=f.4FEB715DA2BE66348CECF20411900CCA.d.9E9A9E074A77CD04EEA81B9958537357.e.397, value=[Ljava.lang.CharSequence;@28d7bd6b}]
Capabilities {acceptInsecureCerts: false, browserName: chrome, browserVersion: 122.0.6261.95, chrome: {chromedriverVersion: 122.0.6261.94 (880dbf29479c..., userDataDir: C:\Users\vetri\AppData\Loca...}, fedcm:accounts: true, goog:chromeOptions: {debuggerAddress: localhost:18007}, networkConnectionEnabled: false, pageLoadStrategy: normal, platformName: windows, proxy: Proxy(), se:cdp: ws://localhost:18007/devtoo..., se:cdpVersion: 122.0.6261.95, setWindowRect: true, strictFileInteractability: false, timeouts: {implicit: 0, pageLoad: 300000, script: 30000}, unhandledPromptBehavior: dismiss and notify, webauthn:extension:credBlob: true, webauthn:extension:largeBlob: true, webauthn:extension:minPinLength: true, webauthn:extension:prf: true, webauthn:virtualAuthenticators: true}
Element: [[ChromeDriver: chrome on windows (2db0ad0ce7e49865bf122df5e0f96aa5)] -> xpath: //input[@id='ctl00_phBody_SignUp_txtPassword']]
Session ID: 2db0ad0ce7e49865bf122df5e0f96aa5]]>
            </message>
            <full-stacktrace>
              <![CDATA[org.openqa.selenium.ElementNotInteractableException: element not interactable
  (Session info: chrome=122.0.6261.95)
Build info: version: '4.11.0', revision: '040bc5406b'
System info: os.name: 'Windows 11', os.arch: 'amd64', os.version: '10.0', java.version: '17.0.9'
Driver info: org.openqa.selenium.chrome.ChromeDriver
Command: [2db0ad0ce7e49865bf122df5e0f96aa5, sendKeysToElement {id=f.4FEB715DA2BE66348CECF20411900CCA.d.9E9A9E074A77CD04EEA81B9958537357.e.397, value=[Ljava.lang.CharSequence;@28d7bd6b}]
Capabilities {acceptInsecureCerts: false, browserName: chrome, browserVersion: 122.0.6261.95, chrome: {chromedriverVersion: 122.0.6261.94 (880dbf29479c..., userDataDir: C:\Users\vetri\AppData\Loca...}, fedcm:accounts: true, goog:chromeOptions: {debuggerAddress: localhost:18007}, networkConnectionEnabled: false, pageLoadStrategy: normal, platformName: windows, proxy: Proxy(), se:cdp: ws://localhost:18007/devtoo..., se:cdpVersion: 122.0.6261.95, setWindowRect: true, strictFileInteractability: false, timeouts: {implicit: 0, pageLoad: 300000, script: 30000}, unhandledPromptBehavior: dismiss and notify, webauthn:extension:credBlob: true, webauthn:extension:largeBlob: true, webauthn:extension:minPinLength: true, webauthn:extension:prf: true, webauthn:virtualAuthenticators: true}
Element: [[ChromeDriver: chrome on windows (2db0ad0ce7e49865bf122df5e0f96aa5)] -> xpath: //input[@id='ctl00_phBody_SignUp_txtPassword']]
Session ID: 2db0ad0ce7e49865bf122df5e0f96aa5
at java.base/jdk.internal.reflect.NativeConstructorAccessorImpl.newInstance0(Native Method)
at java.base/jdk.internal.reflect.NativeConstructorAccessorImpl.newInstance(NativeConstructorAccessorImpl.java:77)
at java.base/jdk.internal.reflect.DelegatingConstructorAccessorImpl.newInstance(DelegatingConstructorAccessorImpl.java:45)
at java.base/java.lang.reflect.Constructor.newInstanceWithCaller(Constructor.java:499)
at java.base/java.lang.reflect.Constructor.newInstance(Constructor.java:480)
at org.openqa.selenium.remote.codec.w3c.W3CHttpResponseCodec.createException(W3CHttpResponseCodec.java:200)
at org.openqa.selenium.remote.codec.w3c.W3CHttpResponseCodec.decode(W3CHttpResponseCodec.java:133)
at org.openqa.selenium.remote.codec.w3c.W3CHttpResponseCodec.decode(W3CHttpResponseCodec.java:52)
at org.openqa.selenium.remote.HttpCommandExecutor.execute(HttpCommandExecutor.java:191)
at org.openqa.selenium.remote.service.DriverCommandExecutor.invokeExecute(DriverCommandExecutor.java:196)
at org.openqa.selenium.remote.service.DriverCommandExecutor.execute(DriverCommandExecutor.java:171)
at org.openqa.selenium.remote.RemoteWebDriver.execute(RemoteWebDriver.java:518)
at org.openqa.selenium.remote.RemoteWebElement.execute(RemoteWebElement.java:224)
at org.openqa.selenium.remote.RemoteWebElement.sendKeys(RemoteWebElement.java:111)
at jdk.internal.reflect.GeneratedMethodAccessor74.invoke(Unknown Source)
at java.base/jdk.internal.reflect.DelegatingMethodAccessorImpl.invoke(DelegatingMethodAccessorImpl.java:43)
at java.base/java.lang.reflect.Method.invoke(Method.java:568)
at org.openqa.selenium.support.pagefactory.internal.LocatingElementHandler.invoke(LocatingElementHandler.java:51)
at jdk.proxy2/jdk.proxy2.$Proxy33.sendKeys(Unknown Source)
at com.bookswagon.pages.RegisterPage.enterPassword(RegisterPage.java:70)
at com.bookswagon.stepdefinitions.RegisterStepDefinition.user_enter_password_as(RegisterStepDefinition.java:69)
at ✽.user enter password as 'Jaya@111'(file:///C:/RLL/RLL-Group-5-BooksWagon/src/test/resources/Features/Registration.feature:11)
]]>
            </full-stacktrace>
          </exception> <!-- org.openqa.selenium.ElementNotInteractableException -->
          <reporter-output>
          </reporter-output>
        </test-method> <!-- runScenario -->
        <test-method signature="runScenario(io.cucumber.testng.PickleWrapper,io.cucumber.testng.FeatureWrapper)[pri:0, instance:com.bookswagon.runner.TestRunner@304bb45b]" started-at="2024-02-29T15:10:15 IST" name="runScenario" description="Runs Cucumber Scenarios" data-provider="scenarios" finished-at="2024-02-29T15:11:35 IST" duration-ms="80220" status="FAIL">
          <params>
            <param index="0">
              <value>
                <![CDATA["to test the Login page"]]>
              </value>
            </param>
            <param index="1">
              <value>
                <![CDATA["to test the Books Wagon for register page"]]>
              </value>
            </param>
          </params>
          <exception class="org.openqa.selenium.ElementNotInteractableException">
            <message>
              <![CDATA[element not interactable
  (Session info: chrome=122.0.6261.95)
Build info: version: '4.11.0', revision: '040bc5406b'
System info: os.name: 'Windows 11', os.arch: 'amd64', os.version: '10.0', java.version: '17.0.9'
Driver info: org.openqa.selenium.chrome.ChromeDriver
Command: [ee405a30fb9efbfbf0301723344eb1eb, sendKeysToElement {id=f.75B95D9C45016FBEFF1DF6A2E0ECEB3D.d.C8BF7F21E41B896F133532161EFCED0A.e.433, value=[Ljava.lang.CharSequence;@59c00722}]
Capabilities {acceptInsecureCerts: false, browserName: chrome, browserVersion: 122.0.6261.95, chrome: {chromedriverVersion: 122.0.6261.94 (880dbf29479c..., userDataDir: C:\Users\vetri\AppData\Loca...}, fedcm:accounts: true, goog:chromeOptions: {debuggerAddress: localhost:18125}, networkConnectionEnabled: false, pageLoadStrategy: normal, platformName: windows, proxy: Proxy(), se:cdp: ws://localhost:18125/devtoo..., se:cdpVersion: 122.0.6261.95, setWindowRect: true, strictFileInteractability: false, timeouts: {implicit: 0, pageLoad: 300000, script: 30000}, unhandledPromptBehavior: dismiss and notify, webauthn:extension:credBlob: true, webauthn:extension:largeBlob: true, webauthn:extension:minPinLength: true, webauthn:extension:prf: true, webauthn:virtualAuthenticators: true}
Element: [[ChromeDriver: chrome on windows (ee405a30fb9efbfbf0301723344eb1eb)] -> xpath: //input[@id='ctl00_phBody_SignUp_txtPassword']]
Session ID: ee405a30fb9efbfbf0301723344eb1eb]]>
            </message>
            <full-stacktrace>
              <![CDATA[org.openqa.selenium.ElementNotInteractableException: element not interactable
  (Session info: chrome=122.0.6261.95)
Build info: version: '4.11.0', revision: '040bc5406b'
System info: os.name: 'Windows 11', os.arch: 'amd64', os.version: '10.0', java.version: '17.0.9'
Driver info: org.openqa.selenium.chrome.ChromeDriver
Command: [ee405a30fb9efbfbf0301723344eb1eb, sendKeysToElement {id=f.75B95D9C45016FBEFF1DF6A2E0ECEB3D.d.C8BF7F21E41B896F133532161EFCED0A.e.433, value=[Ljava.lang.CharSequence;@59c00722}]
Capabilities {acceptInsecureCerts: false, browserName: chrome, browserVersion: 122.0.6261.95, chrome: {chromedriverVersion: 122.0.6261.94 (880dbf29479c..., userDataDir: C:\Users\vetri\AppData\Loca...}, fedcm:accounts: true, goog:chromeOptions: {debuggerAddress: localhost:18125}, networkConnectionEnabled: false, pageLoadStrategy: normal, platformName: windows, proxy: Proxy(), se:cdp: ws://localhost:18125/devtoo..., se:cdpVersion: 122.0.6261.95, setWindowRect: true, strictFileInteractability: false, timeouts: {implicit: 0, pageLoad: 300000, script: 30000}, unhandledPromptBehavior: dismiss and notify, webauthn:extension:credBlob: true, webauthn:extension:largeBlob: true, webauthn:extension:minPinLength: true, webauthn:extension:prf: true, webauthn:virtualAuthenticators: true}
Element: [[ChromeDriver: chrome on windows (ee405a30fb9efbfbf0301723344eb1eb)] -> xpath: //input[@id='ctl00_phBody_SignUp_txtPassword']]
Session ID: ee405a30fb9efbfbf0301723344eb1eb
at java.base/jdk.internal.reflect.NativeConstructorAccessorImpl.newInstance0(Native Method)
at java.base/jdk.internal.reflect.NativeConstructorAccessorImpl.newInstance(NativeConstructorAccessorImpl.java:77)
at java.base/jdk.internal.reflect.DelegatingConstructorAccessorImpl.newInstance(DelegatingConstructorAccessorImpl.java:45)
at java.base/java.lang.reflect.Constructor.newInstanceWithCaller(Constructor.java:499)
at java.base/java.lang.reflect.Constructor.newInstance(Constructor.java:480)
at org.openqa.selenium.remote.codec.w3c.W3CHttpResponseCodec.createException(W3CHttpResponseCodec.java:200)
at org.openqa.selenium.remote.codec.w3c.W3CHttpResponseCodec.decode(W3CHttpResponseCodec.java:133)
at org.openqa.selenium.remote.codec.w3c.W3CHttpResponseCodec.decode(W3CHttpResponseCodec.java:52)
at org.openqa.selenium.remote.HttpCommandExecutor.execute(HttpCommandExecutor.java:191)
at org.openqa.selenium.remote.service.DriverCommandExecutor.invokeExecute(DriverCommandExecutor.java:196)
at org.openqa.selenium.remote.service.DriverCommandExecutor.execute(DriverCommandExecutor.java:171)
at org.openqa.selenium.remote.RemoteWebDriver.execute(RemoteWebDriver.java:518)
at org.openqa.selenium.remote.RemoteWebElement.execute(RemoteWebElement.java:224)
at org.openqa.selenium.remote.RemoteWebElement.sendKeys(RemoteWebElement.java:111)
at jdk.internal.reflect.GeneratedMethodAccessor74.invoke(Unknown Source)
at java.base/jdk.internal.reflect.DelegatingMethodAccessorImpl.invoke(DelegatingMethodAccessorImpl.java:43)
at java.base/java.lang.reflect.Method.invoke(Method.java:568)
at org.openqa.selenium.support.pagefactory.internal.LocatingElementHandler.invoke(LocatingElementHandler.java:51)
at jdk.proxy2/jdk.proxy2.$Proxy33.sendKeys(Unknown Source)
at com.bookswagon.pages.RegisterPage.enterPassword(RegisterPage.java:70)
at com.bookswagon.stepdefinitions.RegisterStepDefinition.user_enter_password_as(RegisterStepDefinition.java:69)
at ✽.user enter password as 'Jaya@111'(file:///C:/RLL/RLL-Group-5-BooksWagon/src/test/resources/Features/Registration.feature:11)
]]>
            </full-stacktrace>
          </exception> <!-- org.openqa.selenium.ElementNotInteractableException -->
          <reporter-output>
          </reporter-output>
        </test-method> <!-- runScenario -->
        <test-method signature="runScenario(io.cucumber.testng.PickleWrapper,io.cucumber.testng.FeatureWrapper)[pri:0, instance:com.bookswagon.runner.TestRunner@304bb45b]" started-at="2024-02-29T15:11:36 IST" name="runScenario" description="Runs Cucumber Scenarios" data-provider="scenarios" finished-at="2024-02-29T15:11:55 IST" duration-ms="19103" status="PASS">
          <params>
            <param index="0">
              <value>
                <![CDATA["Requesting a book which is unavailable one"]]>
              </value>
            </param>
            <param index="1">
              <value>
                <![CDATA["Test the functionality of requesting book"]]>
              </value>
            </param>
          </params>
          <reporter-output>
          </reporter-output>
        </test-method> <!-- runScenario -->
        <test-method signature="runScenario(io.cucumber.testng.PickleWrapper,io.cucumber.testng.FeatureWrapper)[pri:0, instance:com.bookswagon.runner.TestRunner@304bb45b]" started-at="2024-02-29T15:11:55 IST" name="runScenario" description="Runs Cucumber Scenarios" data-provider="scenarios" finished-at="2024-02-29T15:12:14 IST" duration-ms="19032" status="PASS">
          <params>
            <param index="0">
              <value>
                <![CDATA["Requesting a book with invalid ISBN13 number"]]>
              </value>
            </param>
            <param index="1">
              <value>
                <![CDATA["Test the functionality of requesting book"]]>
              </value>
            </param>
          </params>
          <reporter-output>
          </reporter-output>
        </test-method> <!-- runScenario -->
        <test-method signature="runScenario(io.cucumber.testng.PickleWrapper,io.cucumber.testng.FeatureWrapper)[pri:0, instance:com.bookswagon.runner.TestRunner@304bb45b]" started-at="2024-02-29T15:12:15 IST" name="runScenario" description="Runs Cucumber Scenarios" data-provider="scenarios" finished-at="2024-02-29T15:12:38 IST" duration-ms="22791" status="PASS">
          <params>
            <param index="0">
              <value>
                <![CDATA["Requesting a book with invalid ISBN13 number"]]>
              </value>
            </param>
            <param index="1">
              <value>
                <![CDATA["Test the functionality of requesting book"]]>
              </value>
            </param>
          </params>
          <reporter-output>
          </reporter-output>
        </test-method> <!-- runScenario -->
        <test-method signature="runScenario(io.cucumber.testng.PickleWrapper,io.cucumber.testng.FeatureWrapper)[pri:0, instance:com.bookswagon.runner.TestRunner@304bb45b]" started-at="2024-02-29T15:12:38 IST" name="runScenario" description="Runs Cucumber Scenarios" data-provider="scenarios" finished-at="2024-02-29T15:12:57 IST" duration-ms="18456" status="PASS">
          <params>
            <param index="0">
              <value>
                <![CDATA["Requesting a book with invalid ISBN13 number"]]>
              </value>
            </param>
            <param index="1">
              <value>
                <![CDATA["Test the functionality of requesting book"]]>
              </value>
            </param>
          </params>
          <reporter-output>
          </reporter-output>
        </test-method> <!-- runScenario -->
        <test-method signature="runScenario(io.cucumber.testng.PickleWrapper,io.cucumber.testng.FeatureWrapper)[pri:0, instance:com.bookswagon.runner.TestRunner@304bb45b]" started-at="2024-02-29T15:12:58 IST" name="runScenario" description="Runs Cucumber Scenarios" data-provider="scenarios" finished-at="2024-02-29T15:13:17 IST" duration-ms="19002" status="PASS">
          <params>
            <param index="0">
              <value>
                <![CDATA["Seaching the book on the bookSite"]]>
              </value>
            </param>
            <param index="1">
              <value>
                <![CDATA["Search the book on the search bar"]]>
              </value>
            </param>
          </params>
          <reporter-output>
          </reporter-output>
        </test-method> <!-- runScenario -->
        <test-method signature="runScenario(io.cucumber.testng.PickleWrapper,io.cucumber.testng.FeatureWrapper)[pri:0, instance:com.bookswagon.runner.TestRunner@304bb45b]" started-at="2024-02-29T15:13:17 IST" name="runScenario" description="Runs Cucumber Scenarios" data-provider="scenarios" finished-at="2024-02-29T15:13:37 IST" duration-ms="20205" status="PASS">
          <params>
            <param index="0">
              <value>
                <![CDATA["Seaching the book on the bookSite"]]>
              </value>
            </param>
            <param index="1">
              <value>
                <![CDATA["Search the book on the search bar"]]>
              </value>
            </param>
          </params>
          <reporter-output>
          </reporter-output>
        </test-method> <!-- runScenario -->
        <test-method signature="runScenario(io.cucumber.testng.PickleWrapper,io.cucumber.testng.FeatureWrapper)[pri:0, instance:com.bookswagon.runner.TestRunner@304bb45b]" started-at="2024-02-29T15:13:38 IST" name="runScenario" description="Runs Cucumber Scenarios" data-provider="scenarios" finished-at="2024-02-29T15:14:12 IST" duration-ms="34506" status="PASS">
          <params>
            <param index="0">
              <value>
                <![CDATA["to test the My Wishlist page"]]>
              </value>
            </param>
            <param index="1">
              <value>
                <![CDATA["to test the Books Wagon page on chrome browser"]]>
              </value>
            </param>
          </params>
          <reporter-output>
          </reporter-output>
        </test-method> <!-- runScenario -->
        <test-method is-config="true" signature="tearDownClass()[pri:0, instance:com.bookswagon.runner.TestRunner@304bb45b]" started-at="2024-02-29T15:14:13 IST" name="tearDownClass" finished-at="2024-02-29T15:14:13 IST" duration-ms="208" status="PASS">
          <reporter-output>
          </reporter-output>
        </test-method> <!-- tearDownClass -->
      </class> <!-- com.bookswagon.runner.TestRunner -->
    </test> <!-- Books Wagon Testing -->
  </suite> <!-- Suite -->
</testng-results>
