<?xml version="1.0" encoding="UTF-8"?>
<testng-results retried="32" ignored="0" total="48" passed="0" failed="16" skipped="0">
  <reporter-output>
  </reporter-output>
  <suite started-at="2024-02-28T16:44:14 IST" name="Suite" finished-at="2024-02-28T16:44:16 IST" duration-ms="1943">
    <groups>
      <group name="cucumber">
        <method signature="AbstractTestNGCucumberTests.runScenario(io.cucumber.testng.PickleWrapper,io.cucumber.testng.FeatureWrapper)[pri:0, instance:com.bookswagon.runner.TestRunner@4d1bf319]" name="runScenario" class="io.cucumber.testng.AbstractTestNGCucumberTests"/>
      </group> <!-- cucumber -->
    </groups>
    <test started-at="2024-02-28T16:44:14 IST" name="Books Wagon Testing" finished-at="2024-02-28T16:44:16 IST" duration-ms="1943">
      <class name="com.bookswagon.runner.TestRunner">
        <test-method is-config="true" signature="setUpClass(org.testng.ITestContext)[pri:0, instance:com.bookswagon.runner.TestRunner@4d1bf319]" started-at="2024-02-28T16:44:15 IST" name="setUpClass" finished-at="2024-02-28T16:44:15 IST" duration-ms="496" status="PASS">
          <params>
            <param index="0">
              <value>
                <![CDATA[org.testng.TestRunner@2a4f8009]]>
              </value>
            </param>
          </params>
          <reporter-output>
          </reporter-output>
        </test-method> <!-- setUpClass -->
        <test-method retried="true" signature="runScenario(io.cucumber.testng.PickleWrapper,io.cucumber.testng.FeatureWrapper)[pri:0, instance:com.bookswagon.runner.TestRunner@4d1bf319]" started-at="2024-02-28T16:44:15 IST" name="runScenario" description="Runs Cucumber Scenarios" data-provider="scenarios" finished-at="2024-02-28T16:44:16 IST" duration-ms="519" status="SKIP">
          <params>
            <param index="0">
              <value>
                <![CDATA["Shopping cart functionality"]]>
              </value>
            </param>
            <param index="1">
              <value>
                <![CDATA["To test the bookswagon page for shopping cart"]]>
              </value>
            </param>
          </params>
          <exception class="java.lang.AssertionError">
            <message>
              <![CDATA[Unable to open browser]]>
            </message>
            <full-stacktrace>
              <![CDATA[java.lang.AssertionError: Unable to open browser
at org.testng.Assert.fail(Assert.java:110)
at com.bookswagon.stepdefinitions.AddToCartStepDefinitions.user_navigates_to_the_home_page(AddToCartStepDefinitions.java:34)
at ✽.user navigates home page(file:///C:/RLL/RLL-Group-5-BooksWagon/src/test/resources/Features/AddToCart.feature:4)
]]>
            </full-stacktrace>
          </exception> <!-- java.lang.AssertionError -->
          <reporter-output>
          </reporter-output>
        </test-method> <!-- runScenario -->
        <test-method retried="true" signature="runScenario(io.cucumber.testng.PickleWrapper,io.cucumber.testng.FeatureWrapper)[pri:0, instance:com.bookswagon.runner.TestRunner@4d1bf319]" started-at="2024-02-28T16:44:16 IST" name="runScenario" description="Runs Cucumber Scenarios" data-provider="scenarios" finished-at="2024-02-28T16:44:16 IST" duration-ms="18" status="SKIP">
          <params>
            <param index="0">
              <value>
                <![CDATA["Shopping cart functionality"]]>
              </value>
            </param>
            <param index="1">
              <value>
                <![CDATA["To test the bookswagon page for shopping cart"]]>
              </value>
            </param>
          </params>
          <exception class="java.lang.AssertionError">
            <message>
              <![CDATA[Unable to open browser]]>
            </message>
            <full-stacktrace>
              <![CDATA[java.lang.AssertionError: Unable to open browser
at org.testng.Assert.fail(Assert.java:110)
at com.bookswagon.stepdefinitions.AddToCartStepDefinitions.user_navigates_to_the_home_page(AddToCartStepDefinitions.java:34)
at ✽.user navigates home page(file:///C:/RLL/RLL-Group-5-BooksWagon/src/test/resources/Features/AddToCart.feature:4)
]]>
            </full-stacktrace>
          </exception> <!-- java.lang.AssertionError -->
          <reporter-output>
          </reporter-output>
        </test-method> <!-- runScenario -->
        <test-method signature="runScenario(io.cucumber.testng.PickleWrapper,io.cucumber.testng.FeatureWrapper)[pri:0, instance:com.bookswagon.runner.TestRunner@4d1bf319]" started-at="2024-02-28T16:44:16 IST" name="runScenario" description="Runs Cucumber Scenarios" data-provider="scenarios" finished-at="2024-02-28T16:44:16 IST" duration-ms="22" status="FAIL">
          <params>
            <param index="0">
              <value>
                <![CDATA["Shopping cart functionality"]]>
              </value>
            </param>
            <param index="1">
              <value>
                <![CDATA["To test the bookswagon page for shopping cart"]]>
              </value>
            </param>
          </params>
          <exception class="java.lang.AssertionError">
            <message>
              <![CDATA[Unable to open browser]]>
            </message>
            <full-stacktrace>
              <![CDATA[java.lang.AssertionError: Unable to open browser
at org.testng.Assert.fail(Assert.java:110)
at com.bookswagon.stepdefinitions.AddToCartStepDefinitions.user_navigates_to_the_home_page(AddToCartStepDefinitions.java:34)
at ✽.user navigates home page(file:///C:/RLL/RLL-Group-5-BooksWagon/src/test/resources/Features/AddToCart.feature:4)
]]>
            </full-stacktrace>
          </exception> <!-- java.lang.AssertionError -->
          <reporter-output>
          </reporter-output>
        </test-method> <!-- runScenario -->
        <test-method retried="true" signature="runScenario(io.cucumber.testng.PickleWrapper,io.cucumber.testng.FeatureWrapper)[pri:0, instance:com.bookswagon.runner.TestRunner@4d1bf319]" started-at="2024-02-28T16:44:16 IST" name="runScenario" description="Runs Cucumber Scenarios" data-provider="scenarios" finished-at="2024-02-28T16:44:16 IST" duration-ms="23" status="SKIP">
          <params>
            <param index="0">
              <value>
                <![CDATA["User can add/edit and remove the Address"]]>
              </value>
            </param>
            <param index="1">
              <value>
                <![CDATA["Bookswagon Personal Settings"]]>
              </value>
            </param>
          </params>
          <exception class="java.lang.NullPointerException">
            <message>
              <![CDATA[Cannot invoke "org.openqa.selenium.WebDriver.get(String)" because "this.driver" is null]]>
            </message>
            <full-stacktrace>
              <![CDATA[java.lang.NullPointerException: Cannot invoke "org.openqa.selenium.WebDriver.get(String)" because "this.driver" is null
at com.bookswagon.pages.AddAddressPage.navigateToURL(AddAddressPage.java:85)
at com.bookswagon.stepdefinitions.AddAddressStepDefinitons.the_url_bookswagon_website(AddAddressStepDefinitons.java:28)
at ✽.the URL bookswagon website(file:///C:/RLL/RLL-Group-5-BooksWagon/src/test/resources/Features/Addaddress.feature:4)
]]>
            </full-stacktrace>
          </exception> <!-- java.lang.NullPointerException -->
          <reporter-output>
          </reporter-output>
        </test-method> <!-- runScenario -->
        <test-method retried="true" signature="runScenario(io.cucumber.testng.PickleWrapper,io.cucumber.testng.FeatureWrapper)[pri:0, instance:com.bookswagon.runner.TestRunner@4d1bf319]" started-at="2024-02-28T16:44:16 IST" name="runScenario" description="Runs Cucumber Scenarios" data-provider="scenarios" finished-at="2024-02-28T16:44:16 IST" duration-ms="16" status="SKIP">
          <params>
            <param index="0">
              <value>
                <![CDATA["User can add/edit and remove the Address"]]>
              </value>
            </param>
            <param index="1">
              <value>
                <![CDATA["Bookswagon Personal Settings"]]>
              </value>
            </param>
          </params>
          <exception class="java.lang.NullPointerException">
            <message>
              <![CDATA[Cannot invoke "org.openqa.selenium.WebDriver.get(String)" because "this.driver" is null]]>
            </message>
            <full-stacktrace>
              <![CDATA[java.lang.NullPointerException: Cannot invoke "org.openqa.selenium.WebDriver.get(String)" because "this.driver" is null
at com.bookswagon.pages.AddAddressPage.navigateToURL(AddAddressPage.java:85)
at com.bookswagon.stepdefinitions.AddAddressStepDefinitons.the_url_bookswagon_website(AddAddressStepDefinitons.java:28)
at ✽.the URL bookswagon website(file:///C:/RLL/RLL-Group-5-BooksWagon/src/test/resources/Features/Addaddress.feature:4)
]]>
            </full-stacktrace>
          </exception> <!-- java.lang.NullPointerException -->
          <reporter-output>
          </reporter-output>
        </test-method> <!-- runScenario -->
        <test-method signature="runScenario(io.cucumber.testng.PickleWrapper,io.cucumber.testng.FeatureWrapper)[pri:0, instance:com.bookswagon.runner.TestRunner@4d1bf319]" started-at="2024-02-28T16:44:16 IST" name="runScenario" description="Runs Cucumber Scenarios" data-provider="scenarios" finished-at="2024-02-28T16:44:16 IST" duration-ms="14" status="FAIL">
          <params>
            <param index="0">
              <value>
                <![CDATA["User can add/edit and remove the Address"]]>
              </value>
            </param>
            <param index="1">
              <value>
                <![CDATA["Bookswagon Personal Settings"]]>
              </value>
            </param>
          </params>
          <exception class="java.lang.NullPointerException">
            <message>
              <![CDATA[Cannot invoke "org.openqa.selenium.WebDriver.get(String)" because "this.driver" is null]]>
            </message>
            <full-stacktrace>
              <![CDATA[java.lang.NullPointerException: Cannot invoke "org.openqa.selenium.WebDriver.get(String)" because "this.driver" is null
at com.bookswagon.pages.AddAddressPage.navigateToURL(AddAddressPage.java:85)
at com.bookswagon.stepdefinitions.AddAddressStepDefinitons.the_url_bookswagon_website(AddAddressStepDefinitons.java:28)
at ✽.the URL bookswagon website(file:///C:/RLL/RLL-Group-5-BooksWagon/src/test/resources/Features/Addaddress.feature:4)
]]>
            </full-stacktrace>
          </exception> <!-- java.lang.NullPointerException -->
          <reporter-output>
          </reporter-output>
        </test-method> <!-- runScenario -->
        <test-method retried="true" signature="runScenario(io.cucumber.testng.PickleWrapper,io.cucumber.testng.FeatureWrapper)[pri:0, instance:com.bookswagon.runner.TestRunner@4d1bf319]" started-at="2024-02-28T16:44:16 IST" name="runScenario" description="Runs Cucumber Scenarios" data-provider="scenarios" finished-at="2024-02-28T16:44:16 IST" duration-ms="14" status="SKIP">
          <params>
            <param index="0">
              <value>
                <![CDATA["Navigate to the Award winners page and sorting operation"]]>
              </value>
            </param>
            <param index="1">
              <value>
                <![CDATA["Award winners/sort By"]]>
              </value>
            </param>
          </params>
          <exception class="java.lang.NullPointerException">
            <message>
              <![CDATA[Cannot invoke "org.openqa.selenium.WebDriver.get(String)" because "this.driver" is null]]>
            </message>
            <full-stacktrace>
              <![CDATA[java.lang.NullPointerException: Cannot invoke "org.openqa.selenium.WebDriver.get(String)" because "this.driver" is null
at com.bookswagon.pages.AwardWinnersPage.navigateToURL(AwardWinnersPage.java:51)
at com.bookswagon.stepdefinitions.AwardWinnerStepDefinitons.user_enters_the_url(AwardWinnerStepDefinitons.java:34)
at ✽.User enters the URL "https://www.bookswagon.com/"(file:///C:/RLL/RLL-Group-5-BooksWagon/src/test/resources/Features/AwardWinners.feature:7)
]]>
            </full-stacktrace>
          </exception> <!-- java.lang.NullPointerException -->
          <reporter-output>
          </reporter-output>
        </test-method> <!-- runScenario -->
        <test-method retried="true" signature="runScenario(io.cucumber.testng.PickleWrapper,io.cucumber.testng.FeatureWrapper)[pri:0, instance:com.bookswagon.runner.TestRunner@4d1bf319]" started-at="2024-02-28T16:44:16 IST" name="runScenario" description="Runs Cucumber Scenarios" data-provider="scenarios" finished-at="2024-02-28T16:44:16 IST" duration-ms="14" status="SKIP">
          <params>
            <param index="0">
              <value>
                <![CDATA["Navigate to the Award winners page and sorting operation"]]>
              </value>
            </param>
            <param index="1">
              <value>
                <![CDATA["Award winners/sort By"]]>
              </value>
            </param>
          </params>
          <exception class="java.lang.NullPointerException">
            <message>
              <![CDATA[Cannot invoke "org.openqa.selenium.WebDriver.get(String)" because "this.driver" is null]]>
            </message>
            <full-stacktrace>
              <![CDATA[java.lang.NullPointerException: Cannot invoke "org.openqa.selenium.WebDriver.get(String)" because "this.driver" is null
at com.bookswagon.pages.AwardWinnersPage.navigateToURL(AwardWinnersPage.java:51)
at com.bookswagon.stepdefinitions.AwardWinnerStepDefinitons.user_enters_the_url(AwardWinnerStepDefinitons.java:34)
at ✽.User enters the URL "https://www.bookswagon.com/"(file:///C:/RLL/RLL-Group-5-BooksWagon/src/test/resources/Features/AwardWinners.feature:7)
]]>
            </full-stacktrace>
          </exception> <!-- java.lang.NullPointerException -->
          <reporter-output>
          </reporter-output>
        </test-method> <!-- runScenario -->
        <test-method signature="runScenario(io.cucumber.testng.PickleWrapper,io.cucumber.testng.FeatureWrapper)[pri:0, instance:com.bookswagon.runner.TestRunner@4d1bf319]" started-at="2024-02-28T16:44:16 IST" name="runScenario" description="Runs Cucumber Scenarios" data-provider="scenarios" finished-at="2024-02-28T16:44:16 IST" duration-ms="14" status="FAIL">
          <params>
            <param index="0">
              <value>
                <![CDATA["Navigate to the Award winners page and sorting operation"]]>
              </value>
            </param>
            <param index="1">
              <value>
                <![CDATA["Award winners/sort By"]]>
              </value>
            </param>
          </params>
          <exception class="java.lang.NullPointerException">
            <message>
              <![CDATA[Cannot invoke "org.openqa.selenium.WebDriver.get(String)" because "this.driver" is null]]>
            </message>
            <full-stacktrace>
              <![CDATA[java.lang.NullPointerException: Cannot invoke "org.openqa.selenium.WebDriver.get(String)" because "this.driver" is null
at com.bookswagon.pages.AwardWinnersPage.navigateToURL(AwardWinnersPage.java:51)
at com.bookswagon.stepdefinitions.AwardWinnerStepDefinitons.user_enters_the_url(AwardWinnerStepDefinitons.java:34)
at ✽.User enters the URL "https://www.bookswagon.com/"(file:///C:/RLL/RLL-Group-5-BooksWagon/src/test/resources/Features/AwardWinners.feature:7)
]]>
            </full-stacktrace>
          </exception> <!-- java.lang.NullPointerException -->
          <reporter-output>
          </reporter-output>
        </test-method> <!-- runScenario -->
        <test-method retried="true" signature="runScenario(io.cucumber.testng.PickleWrapper,io.cucumber.testng.FeatureWrapper)[pri:0, instance:com.bookswagon.runner.TestRunner@4d1bf319]" started-at="2024-02-28T16:44:16 IST" name="runScenario" description="Runs Cucumber Scenarios" data-provider="scenarios" finished-at="2024-02-28T16:44:16 IST" duration-ms="13" status="SKIP">
          <params>
            <param index="0">
              <value>
                <![CDATA["Sorting Award winners page and adding the product to cart"]]>
              </value>
            </param>
            <param index="1">
              <value>
                <![CDATA["Award winners/sort By"]]>
              </value>
            </param>
          </params>
          <exception class="java.lang.NullPointerException">
            <message>
              <![CDATA[Cannot invoke "org.openqa.selenium.WebDriver.get(String)" because "this.driver" is null]]>
            </message>
            <full-stacktrace>
              <![CDATA[java.lang.NullPointerException: Cannot invoke "org.openqa.selenium.WebDriver.get(String)" because "this.driver" is null
at com.bookswagon.pages.AwardWinnersPage.navigateToURL(AwardWinnersPage.java:51)
at com.bookswagon.stepdefinitions.AwardWinnerStepDefinitons.user_enters_the_url(AwardWinnerStepDefinitons.java:34)
at ✽.User enters the URL "https://www.bookswagon.com/"(file:///C:/RLL/RLL-Group-5-BooksWagon/src/test/resources/Features/AwardWinners.feature:7)
]]>
            </full-stacktrace>
          </exception> <!-- java.lang.NullPointerException -->
          <reporter-output>
          </reporter-output>
        </test-method> <!-- runScenario -->
        <test-method retried="true" signature="runScenario(io.cucumber.testng.PickleWrapper,io.cucumber.testng.FeatureWrapper)[pri:0, instance:com.bookswagon.runner.TestRunner@4d1bf319]" started-at="2024-02-28T16:44:16 IST" name="runScenario" description="Runs Cucumber Scenarios" data-provider="scenarios" finished-at="2024-02-28T16:44:16 IST" duration-ms="10" status="SKIP">
          <params>
            <param index="0">
              <value>
                <![CDATA["Sorting Award winners page and adding the product to cart"]]>
              </value>
            </param>
            <param index="1">
              <value>
                <![CDATA["Award winners/sort By"]]>
              </value>
            </param>
          </params>
          <exception class="java.lang.NullPointerException">
            <message>
              <![CDATA[Cannot invoke "org.openqa.selenium.WebDriver.get(String)" because "this.driver" is null]]>
            </message>
            <full-stacktrace>
              <![CDATA[java.lang.NullPointerException: Cannot invoke "org.openqa.selenium.WebDriver.get(String)" because "this.driver" is null
at com.bookswagon.pages.AwardWinnersPage.navigateToURL(AwardWinnersPage.java:51)
at com.bookswagon.stepdefinitions.AwardWinnerStepDefinitons.user_enters_the_url(AwardWinnerStepDefinitons.java:34)
at ✽.User enters the URL "https://www.bookswagon.com/"(file:///C:/RLL/RLL-Group-5-BooksWagon/src/test/resources/Features/AwardWinners.feature:7)
]]>
            </full-stacktrace>
          </exception> <!-- java.lang.NullPointerException -->
          <reporter-output>
          </reporter-output>
        </test-method> <!-- runScenario -->
        <test-method signature="runScenario(io.cucumber.testng.PickleWrapper,io.cucumber.testng.FeatureWrapper)[pri:0, instance:com.bookswagon.runner.TestRunner@4d1bf319]" started-at="2024-02-28T16:44:16 IST" name="runScenario" description="Runs Cucumber Scenarios" data-provider="scenarios" finished-at="2024-02-28T16:44:16 IST" duration-ms="10" status="FAIL">
          <params>
            <param index="0">
              <value>
                <![CDATA["Sorting Award winners page and adding the product to cart"]]>
              </value>
            </param>
            <param index="1">
              <value>
                <![CDATA["Award winners/sort By"]]>
              </value>
            </param>
          </params>
          <exception class="java.lang.NullPointerException">
            <message>
              <![CDATA[Cannot invoke "org.openqa.selenium.WebDriver.get(String)" because "this.driver" is null]]>
            </message>
            <full-stacktrace>
              <![CDATA[java.lang.NullPointerException: Cannot invoke "org.openqa.selenium.WebDriver.get(String)" because "this.driver" is null
at com.bookswagon.pages.AwardWinnersPage.navigateToURL(AwardWinnersPage.java:51)
at com.bookswagon.stepdefinitions.AwardWinnerStepDefinitons.user_enters_the_url(AwardWinnerStepDefinitons.java:34)
at ✽.User enters the URL "https://www.bookswagon.com/"(file:///C:/RLL/RLL-Group-5-BooksWagon/src/test/resources/Features/AwardWinners.feature:7)
]]>
            </full-stacktrace>
          </exception> <!-- java.lang.NullPointerException -->
          <reporter-output>
          </reporter-output>
        </test-method> <!-- runScenario -->
        <test-method retried="true" signature="runScenario(io.cucumber.testng.PickleWrapper,io.cucumber.testng.FeatureWrapper)[pri:0, instance:com.bookswagon.runner.TestRunner@4d1bf319]" started-at="2024-02-28T16:44:16 IST" name="runScenario" description="Runs Cucumber Scenarios" data-provider="scenarios" finished-at="2024-02-28T16:44:16 IST" duration-ms="9" status="SKIP">
          <params>
            <param index="0">
              <value>
                <![CDATA["Login with valid credentials"]]>
              </value>
            </param>
            <param index="1">
              <value>
                <![CDATA["To test the functionality of Books Wagon page for login page"]]>
              </value>
            </param>
          </params>
          <exception class="java.lang.NullPointerException">
            <message>
              <![CDATA[Cannot invoke "org.openqa.selenium.WebDriver.get(String)" because "this.driver" is null]]>
            </message>
            <full-stacktrace>
              <![CDATA[java.lang.NullPointerException: Cannot invoke "org.openqa.selenium.WebDriver.get(String)" because "this.driver" is null
at com.bookswagon.pages.LoginPage.navigateToURL(LoginPage.java:72)
at com.bookswagon.stepdefinitions.LoginStepDefinitions.click_on_the_url_of_bookswagon_website(LoginStepDefinitions.java:33)
at ✽.click on the URL of bookswagon website(file:///C:/RLL/RLL-Group-5-BooksWagon/src/test/resources/Features/Login.feature:5)
]]>
            </full-stacktrace>
          </exception> <!-- java.lang.NullPointerException -->
          <reporter-output>
          </reporter-output>
        </test-method> <!-- runScenario -->
        <test-method retried="true" signature="runScenario(io.cucumber.testng.PickleWrapper,io.cucumber.testng.FeatureWrapper)[pri:0, instance:com.bookswagon.runner.TestRunner@4d1bf319]" started-at="2024-02-28T16:44:16 IST" name="runScenario" description="Runs Cucumber Scenarios" data-provider="scenarios" finished-at="2024-02-28T16:44:16 IST" duration-ms="10" status="SKIP">
          <params>
            <param index="0">
              <value>
                <![CDATA["Login with valid credentials"]]>
              </value>
            </param>
            <param index="1">
              <value>
                <![CDATA["To test the functionality of Books Wagon page for login page"]]>
              </value>
            </param>
          </params>
          <exception class="java.lang.NullPointerException">
            <message>
              <![CDATA[Cannot invoke "org.openqa.selenium.WebDriver.get(String)" because "this.driver" is null]]>
            </message>
            <full-stacktrace>
              <![CDATA[java.lang.NullPointerException: Cannot invoke "org.openqa.selenium.WebDriver.get(String)" because "this.driver" is null
at com.bookswagon.pages.LoginPage.navigateToURL(LoginPage.java:72)
at com.bookswagon.stepdefinitions.LoginStepDefinitions.click_on_the_url_of_bookswagon_website(LoginStepDefinitions.java:33)
at ✽.click on the URL of bookswagon website(file:///C:/RLL/RLL-Group-5-BooksWagon/src/test/resources/Features/Login.feature:5)
]]>
            </full-stacktrace>
          </exception> <!-- java.lang.NullPointerException -->
          <reporter-output>
          </reporter-output>
        </test-method> <!-- runScenario -->
        <test-method signature="runScenario(io.cucumber.testng.PickleWrapper,io.cucumber.testng.FeatureWrapper)[pri:0, instance:com.bookswagon.runner.TestRunner@4d1bf319]" started-at="2024-02-28T16:44:16 IST" name="runScenario" description="Runs Cucumber Scenarios" data-provider="scenarios" finished-at="2024-02-28T16:44:16 IST" duration-ms="13" status="FAIL">
          <params>
            <param index="0">
              <value>
                <![CDATA["Login with valid credentials"]]>
              </value>
            </param>
            <param index="1">
              <value>
                <![CDATA["To test the functionality of Books Wagon page for login page"]]>
              </value>
            </param>
          </params>
          <exception class="java.lang.NullPointerException">
            <message>
              <![CDATA[Cannot invoke "org.openqa.selenium.WebDriver.get(String)" because "this.driver" is null]]>
            </message>
            <full-stacktrace>
              <![CDATA[java.lang.NullPointerException: Cannot invoke "org.openqa.selenium.WebDriver.get(String)" because "this.driver" is null
at com.bookswagon.pages.LoginPage.navigateToURL(LoginPage.java:72)
at com.bookswagon.stepdefinitions.LoginStepDefinitions.click_on_the_url_of_bookswagon_website(LoginStepDefinitions.java:33)
at ✽.click on the URL of bookswagon website(file:///C:/RLL/RLL-Group-5-BooksWagon/src/test/resources/Features/Login.feature:5)
]]>
            </full-stacktrace>
          </exception> <!-- java.lang.NullPointerException -->
          <reporter-output>
          </reporter-output>
        </test-method> <!-- runScenario -->
        <test-method retried="true" signature="runScenario(io.cucumber.testng.PickleWrapper,io.cucumber.testng.FeatureWrapper)[pri:0, instance:com.bookswagon.runner.TestRunner@4d1bf319]" started-at="2024-02-28T16:44:16 IST" name="runScenario" description="Runs Cucumber Scenarios" data-provider="scenarios" finished-at="2024-02-28T16:44:16 IST" duration-ms="11" status="SKIP">
          <params>
            <param index="0">
              <value>
                <![CDATA["Login with invalid credentials"]]>
              </value>
            </param>
            <param index="1">
              <value>
                <![CDATA["To test the functionality of Books Wagon page for login page"]]>
              </value>
            </param>
          </params>
          <exception class="java.lang.NullPointerException">
            <message>
              <![CDATA[Cannot invoke "org.openqa.selenium.WebDriver.get(String)" because "this.driver" is null]]>
            </message>
            <full-stacktrace>
              <![CDATA[java.lang.NullPointerException: Cannot invoke "org.openqa.selenium.WebDriver.get(String)" because "this.driver" is null
at com.bookswagon.pages.LoginPage.navigateToURL(LoginPage.java:72)
at com.bookswagon.stepdefinitions.LoginStepDefinitions.click_on_the_url_of_bookswagon_website(LoginStepDefinitions.java:33)
at ✽.click on the URL of bookswagon website(file:///C:/RLL/RLL-Group-5-BooksWagon/src/test/resources/Features/Login.feature:13)
]]>
            </full-stacktrace>
          </exception> <!-- java.lang.NullPointerException -->
          <reporter-output>
          </reporter-output>
        </test-method> <!-- runScenario -->
        <test-method retried="true" signature="runScenario(io.cucumber.testng.PickleWrapper,io.cucumber.testng.FeatureWrapper)[pri:0, instance:com.bookswagon.runner.TestRunner@4d1bf319]" started-at="2024-02-28T16:44:16 IST" name="runScenario" description="Runs Cucumber Scenarios" data-provider="scenarios" finished-at="2024-02-28T16:44:16 IST" duration-ms="10" status="SKIP">
          <params>
            <param index="0">
              <value>
                <![CDATA["Login with invalid credentials"]]>
              </value>
            </param>
            <param index="1">
              <value>
                <![CDATA["To test the functionality of Books Wagon page for login page"]]>
              </value>
            </param>
          </params>
          <exception class="java.lang.NullPointerException">
            <message>
              <![CDATA[Cannot invoke "org.openqa.selenium.WebDriver.get(String)" because "this.driver" is null]]>
            </message>
            <full-stacktrace>
              <![CDATA[java.lang.NullPointerException: Cannot invoke "org.openqa.selenium.WebDriver.get(String)" because "this.driver" is null
at com.bookswagon.pages.LoginPage.navigateToURL(LoginPage.java:72)
at com.bookswagon.stepdefinitions.LoginStepDefinitions.click_on_the_url_of_bookswagon_website(LoginStepDefinitions.java:33)
at ✽.click on the URL of bookswagon website(file:///C:/RLL/RLL-Group-5-BooksWagon/src/test/resources/Features/Login.feature:13)
]]>
            </full-stacktrace>
          </exception> <!-- java.lang.NullPointerException -->
          <reporter-output>
          </reporter-output>
        </test-method> <!-- runScenario -->
        <test-method signature="runScenario(io.cucumber.testng.PickleWrapper,io.cucumber.testng.FeatureWrapper)[pri:0, instance:com.bookswagon.runner.TestRunner@4d1bf319]" started-at="2024-02-28T16:44:16 IST" name="runScenario" description="Runs Cucumber Scenarios" data-provider="scenarios" finished-at="2024-02-28T16:44:16 IST" duration-ms="8" status="FAIL">
          <params>
            <param index="0">
              <value>
                <![CDATA["Login with invalid credentials"]]>
              </value>
            </param>
            <param index="1">
              <value>
                <![CDATA["To test the functionality of Books Wagon page for login page"]]>
              </value>
            </param>
          </params>
          <exception class="java.lang.NullPointerException">
            <message>
              <![CDATA[Cannot invoke "org.openqa.selenium.WebDriver.get(String)" because "this.driver" is null]]>
            </message>
            <full-stacktrace>
              <![CDATA[java.lang.NullPointerException: Cannot invoke "org.openqa.selenium.WebDriver.get(String)" because "this.driver" is null
at com.bookswagon.pages.LoginPage.navigateToURL(LoginPage.java:72)
at com.bookswagon.stepdefinitions.LoginStepDefinitions.click_on_the_url_of_bookswagon_website(LoginStepDefinitions.java:33)
at ✽.click on the URL of bookswagon website(file:///C:/RLL/RLL-Group-5-BooksWagon/src/test/resources/Features/Login.feature:13)
]]>
            </full-stacktrace>
          </exception> <!-- java.lang.NullPointerException -->
          <reporter-output>
          </reporter-output>
        </test-method> <!-- runScenario -->
        <test-method retried="true" signature="runScenario(io.cucumber.testng.PickleWrapper,io.cucumber.testng.FeatureWrapper)[pri:0, instance:com.bookswagon.runner.TestRunner@4d1bf319]" started-at="2024-02-28T16:44:16 IST" name="runScenario" description="Runs Cucumber Scenarios" data-provider="scenarios" finished-at="2024-02-28T16:44:16 IST" duration-ms="9" status="SKIP">
          <params>
            <param index="0">
              <value>
                <![CDATA["User can be able to update the personal settings"]]>
              </value>
            </param>
            <param index="1">
              <value>
                <![CDATA["Bookswagon Personal Settings"]]>
              </value>
            </param>
          </params>
          <exception class="java.lang.NullPointerException">
            <message>
              <![CDATA[Cannot invoke "org.openqa.selenium.WebDriver.get(String)" because "this.driver" is null]]>
            </message>
            <full-stacktrace>
              <![CDATA[java.lang.NullPointerException: Cannot invoke "org.openqa.selenium.WebDriver.get(String)" because "this.driver" is null
at com.bookswagon.pages.PersonalSettingsPage.navigateToUrl(PersonalSettingsPage.java:70)
at com.bookswagon.stepdefinitions.PersonalSettingStepdefinition.user_navigates_to_the_webpage(PersonalSettingStepdefinition.java:35)
at ✽.User navigates to the webpage(file:///C:/RLL/RLL-Group-5-BooksWagon/src/test/resources/Features/PersonalSettings.feature:4)
]]>
            </full-stacktrace>
          </exception> <!-- java.lang.NullPointerException -->
          <reporter-output>
          </reporter-output>
        </test-method> <!-- runScenario -->
        <test-method retried="true" signature="runScenario(io.cucumber.testng.PickleWrapper,io.cucumber.testng.FeatureWrapper)[pri:0, instance:com.bookswagon.runner.TestRunner@4d1bf319]" started-at="2024-02-28T16:44:16 IST" name="runScenario" description="Runs Cucumber Scenarios" data-provider="scenarios" finished-at="2024-02-28T16:44:16 IST" duration-ms="12" status="SKIP">
          <params>
            <param index="0">
              <value>
                <![CDATA["User can be able to update the personal settings"]]>
              </value>
            </param>
            <param index="1">
              <value>
                <![CDATA["Bookswagon Personal Settings"]]>
              </value>
            </param>
          </params>
          <exception class="java.lang.NullPointerException">
            <message>
              <![CDATA[Cannot invoke "org.openqa.selenium.WebDriver.get(String)" because "this.driver" is null]]>
            </message>
            <full-stacktrace>
              <![CDATA[java.lang.NullPointerException: Cannot invoke "org.openqa.selenium.WebDriver.get(String)" because "this.driver" is null
at com.bookswagon.pages.PersonalSettingsPage.navigateToUrl(PersonalSettingsPage.java:70)
at com.bookswagon.stepdefinitions.PersonalSettingStepdefinition.user_navigates_to_the_webpage(PersonalSettingStepdefinition.java:35)
at ✽.User navigates to the webpage(file:///C:/RLL/RLL-Group-5-BooksWagon/src/test/resources/Features/PersonalSettings.feature:4)
]]>
            </full-stacktrace>
          </exception> <!-- java.lang.NullPointerException -->
          <reporter-output>
          </reporter-output>
        </test-method> <!-- runScenario -->
        <test-method signature="runScenario(io.cucumber.testng.PickleWrapper,io.cucumber.testng.FeatureWrapper)[pri:0, instance:com.bookswagon.runner.TestRunner@4d1bf319]" started-at="2024-02-28T16:44:16 IST" name="runScenario" description="Runs Cucumber Scenarios" data-provider="scenarios" finished-at="2024-02-28T16:44:16 IST" duration-ms="10" status="FAIL">
          <params>
            <param index="0">
              <value>
                <![CDATA["User can be able to update the personal settings"]]>
              </value>
            </param>
            <param index="1">
              <value>
                <![CDATA["Bookswagon Personal Settings"]]>
              </value>
            </param>
          </params>
          <exception class="java.lang.NullPointerException">
            <message>
              <![CDATA[Cannot invoke "org.openqa.selenium.WebDriver.get(String)" because "this.driver" is null]]>
            </message>
            <full-stacktrace>
              <![CDATA[java.lang.NullPointerException: Cannot invoke "org.openqa.selenium.WebDriver.get(String)" because "this.driver" is null
at com.bookswagon.pages.PersonalSettingsPage.navigateToUrl(PersonalSettingsPage.java:70)
at com.bookswagon.stepdefinitions.PersonalSettingStepdefinition.user_navigates_to_the_webpage(PersonalSettingStepdefinition.java:35)
at ✽.User navigates to the webpage(file:///C:/RLL/RLL-Group-5-BooksWagon/src/test/resources/Features/PersonalSettings.feature:4)
]]>
            </full-stacktrace>
          </exception> <!-- java.lang.NullPointerException -->
          <reporter-output>
          </reporter-output>
        </test-method> <!-- runScenario -->
        <test-method retried="true" signature="runScenario(io.cucumber.testng.PickleWrapper,io.cucumber.testng.FeatureWrapper)[pri:0, instance:com.bookswagon.runner.TestRunner@4d1bf319]" started-at="2024-02-28T16:44:16 IST" name="runScenario" description="Runs Cucumber Scenarios" data-provider="scenarios" finished-at="2024-02-28T16:44:16 IST" duration-ms="9" status="SKIP">
          <params>
            <param index="0">
              <value>
                <![CDATA["User can not be able update the personal settings without filling mandatory deatils"]]>
              </value>
            </param>
            <param index="1">
              <value>
                <![CDATA["Bookswagon Personal Settings"]]>
              </value>
            </param>
          </params>
          <exception class="java.lang.NullPointerException">
            <message>
              <![CDATA[Cannot invoke "org.openqa.selenium.WebDriver.get(String)" because "this.driver" is null]]>
            </message>
            <full-stacktrace>
              <![CDATA[java.lang.NullPointerException: Cannot invoke "org.openqa.selenium.WebDriver.get(String)" because "this.driver" is null
at com.bookswagon.pages.PersonalSettingsPage.navigateToUrl(PersonalSettingsPage.java:70)
at com.bookswagon.stepdefinitions.PersonalSettingStepdefinition.user_navigates_to_the_webpage(PersonalSettingStepdefinition.java:35)
at ✽.User navigates to the webpage(file:///C:/RLL/RLL-Group-5-BooksWagon/src/test/resources/Features/PersonalSettings.feature:4)
]]>
            </full-stacktrace>
          </exception> <!-- java.lang.NullPointerException -->
          <reporter-output>
          </reporter-output>
        </test-method> <!-- runScenario -->
        <test-method retried="true" signature="runScenario(io.cucumber.testng.PickleWrapper,io.cucumber.testng.FeatureWrapper)[pri:0, instance:com.bookswagon.runner.TestRunner@4d1bf319]" started-at="2024-02-28T16:44:16 IST" name="runScenario" description="Runs Cucumber Scenarios" data-provider="scenarios" finished-at="2024-02-28T16:44:16 IST" duration-ms="10" status="SKIP">
          <params>
            <param index="0">
              <value>
                <![CDATA["User can not be able update the personal settings without filling mandatory deatils"]]>
              </value>
            </param>
            <param index="1">
              <value>
                <![CDATA["Bookswagon Personal Settings"]]>
              </value>
            </param>
          </params>
          <exception class="java.lang.NullPointerException">
            <message>
              <![CDATA[Cannot invoke "org.openqa.selenium.WebDriver.get(String)" because "this.driver" is null]]>
            </message>
            <full-stacktrace>
              <![CDATA[java.lang.NullPointerException: Cannot invoke "org.openqa.selenium.WebDriver.get(String)" because "this.driver" is null
at com.bookswagon.pages.PersonalSettingsPage.navigateToUrl(PersonalSettingsPage.java:70)
at com.bookswagon.stepdefinitions.PersonalSettingStepdefinition.user_navigates_to_the_webpage(PersonalSettingStepdefinition.java:35)
at ✽.User navigates to the webpage(file:///C:/RLL/RLL-Group-5-BooksWagon/src/test/resources/Features/PersonalSettings.feature:4)
]]>
            </full-stacktrace>
          </exception> <!-- java.lang.NullPointerException -->
          <reporter-output>
          </reporter-output>
        </test-method> <!-- runScenario -->
        <test-method signature="runScenario(io.cucumber.testng.PickleWrapper,io.cucumber.testng.FeatureWrapper)[pri:0, instance:com.bookswagon.runner.TestRunner@4d1bf319]" started-at="2024-02-28T16:44:16 IST" name="runScenario" description="Runs Cucumber Scenarios" data-provider="scenarios" finished-at="2024-02-28T16:44:16 IST" duration-ms="7" status="FAIL">
          <params>
            <param index="0">
              <value>
                <![CDATA["User can not be able update the personal settings without filling mandatory deatils"]]>
              </value>
            </param>
            <param index="1">
              <value>
                <![CDATA["Bookswagon Personal Settings"]]>
              </value>
            </param>
          </params>
          <exception class="java.lang.NullPointerException">
            <message>
              <![CDATA[Cannot invoke "org.openqa.selenium.WebDriver.get(String)" because "this.driver" is null]]>
            </message>
            <full-stacktrace>
              <![CDATA[java.lang.NullPointerException: Cannot invoke "org.openqa.selenium.WebDriver.get(String)" because "this.driver" is null
at com.bookswagon.pages.PersonalSettingsPage.navigateToUrl(PersonalSettingsPage.java:70)
at com.bookswagon.stepdefinitions.PersonalSettingStepdefinition.user_navigates_to_the_webpage(PersonalSettingStepdefinition.java:35)
at ✽.User navigates to the webpage(file:///C:/RLL/RLL-Group-5-BooksWagon/src/test/resources/Features/PersonalSettings.feature:4)
]]>
            </full-stacktrace>
          </exception> <!-- java.lang.NullPointerException -->
          <reporter-output>
          </reporter-output>
        </test-method> <!-- runScenario -->
        <test-method retried="true" signature="runScenario(io.cucumber.testng.PickleWrapper,io.cucumber.testng.FeatureWrapper)[pri:0, instance:com.bookswagon.runner.TestRunner@4d1bf319]" started-at="2024-02-28T16:44:16 IST" name="runScenario" description="Runs Cucumber Scenarios" data-provider="scenarios" finished-at="2024-02-28T16:44:16 IST" duration-ms="9" status="SKIP">
          <params>
            <param index="0">
              <value>
                <![CDATA["to test the Login page"]]>
              </value>
            </param>
            <param index="1">
              <value>
                <![CDATA["to test the Books Wagon for register page"]]>
              </value>
            </param>
          </params>
          <exception class="java.lang.NullPointerException">
            <message>
              <![CDATA[Cannot invoke "org.openqa.selenium.WebDriver.get(String)" because "this.driver" is null]]>
            </message>
            <full-stacktrace>
              <![CDATA[java.lang.NullPointerException: Cannot invoke "org.openqa.selenium.WebDriver.get(String)" because "this.driver" is null
at com.bookswagon.pages.RegisterPage.navigateToURL(RegisterPage.java:43)
at com.bookswagon.stepdefinitions.RegisterStepDefinition.hit_the_url_of_bookswagon_website(RegisterStepDefinition.java:27)
at ✽.hit the URL of bookswagon website(file:///C:/RLL/RLL-Group-5-BooksWagon/src/test/resources/Features/Registration.feature:5)
]]>
            </full-stacktrace>
          </exception> <!-- java.lang.NullPointerException -->
          <reporter-output>
          </reporter-output>
        </test-method> <!-- runScenario -->
        <test-method retried="true" signature="runScenario(io.cucumber.testng.PickleWrapper,io.cucumber.testng.FeatureWrapper)[pri:0, instance:com.bookswagon.runner.TestRunner@4d1bf319]" started-at="2024-02-28T16:44:16 IST" name="runScenario" description="Runs Cucumber Scenarios" data-provider="scenarios" finished-at="2024-02-28T16:44:16 IST" duration-ms="11" status="SKIP">
          <params>
            <param index="0">
              <value>
                <![CDATA["to test the Login page"]]>
              </value>
            </param>
            <param index="1">
              <value>
                <![CDATA["to test the Books Wagon for register page"]]>
              </value>
            </param>
          </params>
          <exception class="java.lang.NullPointerException">
            <message>
              <![CDATA[Cannot invoke "org.openqa.selenium.WebDriver.get(String)" because "this.driver" is null]]>
            </message>
            <full-stacktrace>
              <![CDATA[java.lang.NullPointerException: Cannot invoke "org.openqa.selenium.WebDriver.get(String)" because "this.driver" is null
at com.bookswagon.pages.RegisterPage.navigateToURL(RegisterPage.java:43)
at com.bookswagon.stepdefinitions.RegisterStepDefinition.hit_the_url_of_bookswagon_website(RegisterStepDefinition.java:27)
at ✽.hit the URL of bookswagon website(file:///C:/RLL/RLL-Group-5-BooksWagon/src/test/resources/Features/Registration.feature:5)
]]>
            </full-stacktrace>
          </exception> <!-- java.lang.NullPointerException -->
          <reporter-output>
          </reporter-output>
        </test-method> <!-- runScenario -->
        <test-method signature="runScenario(io.cucumber.testng.PickleWrapper,io.cucumber.testng.FeatureWrapper)[pri:0, instance:com.bookswagon.runner.TestRunner@4d1bf319]" started-at="2024-02-28T16:44:16 IST" name="runScenario" description="Runs Cucumber Scenarios" data-provider="scenarios" finished-at="2024-02-28T16:44:16 IST" duration-ms="8" status="FAIL">
          <params>
            <param index="0">
              <value>
                <![CDATA["to test the Login page"]]>
              </value>
            </param>
            <param index="1">
              <value>
                <![CDATA["to test the Books Wagon for register page"]]>
              </value>
            </param>
          </params>
          <exception class="java.lang.NullPointerException">
            <message>
              <![CDATA[Cannot invoke "org.openqa.selenium.WebDriver.get(String)" because "this.driver" is null]]>
            </message>
            <full-stacktrace>
              <![CDATA[java.lang.NullPointerException: Cannot invoke "org.openqa.selenium.WebDriver.get(String)" because "this.driver" is null
at com.bookswagon.pages.RegisterPage.navigateToURL(RegisterPage.java:43)
at com.bookswagon.stepdefinitions.RegisterStepDefinition.hit_the_url_of_bookswagon_website(RegisterStepDefinition.java:27)
at ✽.hit the URL of bookswagon website(file:///C:/RLL/RLL-Group-5-BooksWagon/src/test/resources/Features/Registration.feature:5)
]]>
            </full-stacktrace>
          </exception> <!-- java.lang.NullPointerException -->
          <reporter-output>
          </reporter-output>
        </test-method> <!-- runScenario -->
        <test-method retried="true" signature="runScenario(io.cucumber.testng.PickleWrapper,io.cucumber.testng.FeatureWrapper)[pri:0, instance:com.bookswagon.runner.TestRunner@4d1bf319]" started-at="2024-02-28T16:44:16 IST" name="runScenario" description="Runs Cucumber Scenarios" data-provider="scenarios" finished-at="2024-02-28T16:44:16 IST" duration-ms="8" status="SKIP">
          <params>
            <param index="0">
              <value>
                <![CDATA["Requesting a book which is unavailable one"]]>
              </value>
            </param>
            <param index="1">
              <value>
                <![CDATA["Test the functionality of requesting book"]]>
              </value>
            </param>
          </params>
          <exception class="java.lang.NullPointerException">
            <message>
              <![CDATA[Cannot invoke "org.openqa.selenium.WebDriver.get(String)" because "com.bookswagon.pages.RequestBookPage.driver" is null]]>
            </message>
            <full-stacktrace>
              <![CDATA[java.lang.NullPointerException: Cannot invoke "org.openqa.selenium.WebDriver.get(String)" because "com.bookswagon.pages.RequestBookPage.driver" is null
at com.bookswagon.pages.RequestBookPage.navigateToURL(RequestBookPage.java:59)
at com.bookswagon.stepdefinitions.RequestBookStepDefinitions.i_want_to_open_a_website_in_browser(RequestBookStepDefinitions.java:32)
at ✽.I want to Open a website in browser(file:///C:/RLL/RLL-Group-5-BooksWagon/src/test/resources/Features/RequestBook.feature:7)
]]>
            </full-stacktrace>
          </exception> <!-- java.lang.NullPointerException -->
          <reporter-output>
          </reporter-output>
        </test-method> <!-- runScenario -->
        <test-method retried="true" signature="runScenario(io.cucumber.testng.PickleWrapper,io.cucumber.testng.FeatureWrapper)[pri:0, instance:com.bookswagon.runner.TestRunner@4d1bf319]" started-at="2024-02-28T16:44:16 IST" name="runScenario" description="Runs Cucumber Scenarios" data-provider="scenarios" finished-at="2024-02-28T16:44:16 IST" duration-ms="8" status="SKIP">
          <params>
            <param index="0">
              <value>
                <![CDATA["Requesting a book which is unavailable one"]]>
              </value>
            </param>
            <param index="1">
              <value>
                <![CDATA["Test the functionality of requesting book"]]>
              </value>
            </param>
          </params>
          <exception class="java.lang.NullPointerException">
            <message>
              <![CDATA[Cannot invoke "org.openqa.selenium.WebDriver.get(String)" because "com.bookswagon.pages.RequestBookPage.driver" is null]]>
            </message>
            <full-stacktrace>
              <![CDATA[java.lang.NullPointerException: Cannot invoke "org.openqa.selenium.WebDriver.get(String)" because "com.bookswagon.pages.RequestBookPage.driver" is null
at com.bookswagon.pages.RequestBookPage.navigateToURL(RequestBookPage.java:59)
at com.bookswagon.stepdefinitions.RequestBookStepDefinitions.i_want_to_open_a_website_in_browser(RequestBookStepDefinitions.java:32)
at ✽.I want to Open a website in browser(file:///C:/RLL/RLL-Group-5-BooksWagon/src/test/resources/Features/RequestBook.feature:7)
]]>
            </full-stacktrace>
          </exception> <!-- java.lang.NullPointerException -->
          <reporter-output>
          </reporter-output>
        </test-method> <!-- runScenario -->
        <test-method signature="runScenario(io.cucumber.testng.PickleWrapper,io.cucumber.testng.FeatureWrapper)[pri:0, instance:com.bookswagon.runner.TestRunner@4d1bf319]" started-at="2024-02-28T16:44:16 IST" name="runScenario" description="Runs Cucumber Scenarios" data-provider="scenarios" finished-at="2024-02-28T16:44:16 IST" duration-ms="11" status="FAIL">
          <params>
            <param index="0">
              <value>
                <![CDATA["Requesting a book which is unavailable one"]]>
              </value>
            </param>
            <param index="1">
              <value>
                <![CDATA["Test the functionality of requesting book"]]>
              </value>
            </param>
          </params>
          <exception class="java.lang.NullPointerException">
            <message>
              <![CDATA[Cannot invoke "org.openqa.selenium.WebDriver.get(String)" because "com.bookswagon.pages.RequestBookPage.driver" is null]]>
            </message>
            <full-stacktrace>
              <![CDATA[java.lang.NullPointerException: Cannot invoke "org.openqa.selenium.WebDriver.get(String)" because "com.bookswagon.pages.RequestBookPage.driver" is null
at com.bookswagon.pages.RequestBookPage.navigateToURL(RequestBookPage.java:59)
at com.bookswagon.stepdefinitions.RequestBookStepDefinitions.i_want_to_open_a_website_in_browser(RequestBookStepDefinitions.java:32)
at ✽.I want to Open a website in browser(file:///C:/RLL/RLL-Group-5-BooksWagon/src/test/resources/Features/RequestBook.feature:7)
]]>
            </full-stacktrace>
          </exception> <!-- java.lang.NullPointerException -->
          <reporter-output>
          </reporter-output>
        </test-method> <!-- runScenario -->
        <test-method retried="true" signature="runScenario(io.cucumber.testng.PickleWrapper,io.cucumber.testng.FeatureWrapper)[pri:0, instance:com.bookswagon.runner.TestRunner@4d1bf319]" started-at="2024-02-28T16:44:16 IST" name="runScenario" description="Runs Cucumber Scenarios" data-provider="scenarios" finished-at="2024-02-28T16:44:16 IST" duration-ms="8" status="SKIP">
          <params>
            <param index="0">
              <value>
                <![CDATA["Requesting a book with invalid ISBN13 number"]]>
              </value>
            </param>
            <param index="1">
              <value>
                <![CDATA["Test the functionality of requesting book"]]>
              </value>
            </param>
          </params>
          <exception class="java.lang.NullPointerException">
            <message>
              <![CDATA[Cannot invoke "org.openqa.selenium.WebDriver.get(String)" because "com.bookswagon.pages.RequestBookPage.driver" is null]]>
            </message>
            <full-stacktrace>
              <![CDATA[java.lang.NullPointerException: Cannot invoke "org.openqa.selenium.WebDriver.get(String)" because "com.bookswagon.pages.RequestBookPage.driver" is null
at com.bookswagon.pages.RequestBookPage.navigateToURL(RequestBookPage.java:59)
at com.bookswagon.stepdefinitions.RequestBookStepDefinitions.i_want_to_open_a_website_in_browser(RequestBookStepDefinitions.java:32)
at ✽.I want to Open a website in browser(file:///C:/RLL/RLL-Group-5-BooksWagon/src/test/resources/Features/RequestBook.feature:21)
]]>
            </full-stacktrace>
          </exception> <!-- java.lang.NullPointerException -->
          <reporter-output>
          </reporter-output>
        </test-method> <!-- runScenario -->
        <test-method retried="true" signature="runScenario(io.cucumber.testng.PickleWrapper,io.cucumber.testng.FeatureWrapper)[pri:0, instance:com.bookswagon.runner.TestRunner@4d1bf319]" started-at="2024-02-28T16:44:16 IST" name="runScenario" description="Runs Cucumber Scenarios" data-provider="scenarios" finished-at="2024-02-28T16:44:16 IST" duration-ms="7" status="SKIP">
          <params>
            <param index="0">
              <value>
                <![CDATA["Requesting a book with invalid ISBN13 number"]]>
              </value>
            </param>
            <param index="1">
              <value>
                <![CDATA["Test the functionality of requesting book"]]>
              </value>
            </param>
          </params>
          <exception class="java.lang.NullPointerException">
            <message>
              <![CDATA[Cannot invoke "org.openqa.selenium.WebDriver.get(String)" because "com.bookswagon.pages.RequestBookPage.driver" is null]]>
            </message>
            <full-stacktrace>
              <![CDATA[java.lang.NullPointerException: Cannot invoke "org.openqa.selenium.WebDriver.get(String)" because "com.bookswagon.pages.RequestBookPage.driver" is null
at com.bookswagon.pages.RequestBookPage.navigateToURL(RequestBookPage.java:59)
at com.bookswagon.stepdefinitions.RequestBookStepDefinitions.i_want_to_open_a_website_in_browser(RequestBookStepDefinitions.java:32)
at ✽.I want to Open a website in browser(file:///C:/RLL/RLL-Group-5-BooksWagon/src/test/resources/Features/RequestBook.feature:21)
]]>
            </full-stacktrace>
          </exception> <!-- java.lang.NullPointerException -->
          <reporter-output>
          </reporter-output>
        </test-method> <!-- runScenario -->
        <test-method signature="runScenario(io.cucumber.testng.PickleWrapper,io.cucumber.testng.FeatureWrapper)[pri:0, instance:com.bookswagon.runner.TestRunner@4d1bf319]" started-at="2024-02-28T16:44:16 IST" name="runScenario" description="Runs Cucumber Scenarios" data-provider="scenarios" finished-at="2024-02-28T16:44:16 IST" duration-ms="7" status="FAIL">
          <params>
            <param index="0">
              <value>
                <![CDATA["Requesting a book with invalid ISBN13 number"]]>
              </value>
            </param>
            <param index="1">
              <value>
                <![CDATA["Test the functionality of requesting book"]]>
              </value>
            </param>
          </params>
          <exception class="java.lang.NullPointerException">
            <message>
              <![CDATA[Cannot invoke "org.openqa.selenium.WebDriver.get(String)" because "com.bookswagon.pages.RequestBookPage.driver" is null]]>
            </message>
            <full-stacktrace>
              <![CDATA[java.lang.NullPointerException: Cannot invoke "org.openqa.selenium.WebDriver.get(String)" because "com.bookswagon.pages.RequestBookPage.driver" is null
at com.bookswagon.pages.RequestBookPage.navigateToURL(RequestBookPage.java:59)
at com.bookswagon.stepdefinitions.RequestBookStepDefinitions.i_want_to_open_a_website_in_browser(RequestBookStepDefinitions.java:32)
at ✽.I want to Open a website in browser(file:///C:/RLL/RLL-Group-5-BooksWagon/src/test/resources/Features/RequestBook.feature:21)
]]>
            </full-stacktrace>
          </exception> <!-- java.lang.NullPointerException -->
          <reporter-output>
          </reporter-output>
        </test-method> <!-- runScenario -->
        <test-method retried="true" signature="runScenario(io.cucumber.testng.PickleWrapper,io.cucumber.testng.FeatureWrapper)[pri:0, instance:com.bookswagon.runner.TestRunner@4d1bf319]" started-at="2024-02-28T16:44:16 IST" name="runScenario" description="Runs Cucumber Scenarios" data-provider="scenarios" finished-at="2024-02-28T16:44:16 IST" duration-ms="7" status="SKIP">
          <params>
            <param index="0">
              <value>
                <![CDATA["Requesting a book with invalid ISBN13 number"]]>
              </value>
            </param>
            <param index="1">
              <value>
                <![CDATA["Test the functionality of requesting book"]]>
              </value>
            </param>
          </params>
          <exception class="java.lang.NullPointerException">
            <message>
              <![CDATA[Cannot invoke "org.openqa.selenium.WebDriver.get(String)" because "com.bookswagon.pages.RequestBookPage.driver" is null]]>
            </message>
            <full-stacktrace>
              <![CDATA[java.lang.NullPointerException: Cannot invoke "org.openqa.selenium.WebDriver.get(String)" because "com.bookswagon.pages.RequestBookPage.driver" is null
at com.bookswagon.pages.RequestBookPage.navigateToURL(RequestBookPage.java:59)
at com.bookswagon.stepdefinitions.RequestBookStepDefinitions.i_want_to_open_a_website_in_browser(RequestBookStepDefinitions.java:32)
at ✽.I want to Open a website in browser(file:///C:/RLL/RLL-Group-5-BooksWagon/src/test/resources/Features/RequestBook.feature:21)
]]>
            </full-stacktrace>
          </exception> <!-- java.lang.NullPointerException -->
          <reporter-output>
          </reporter-output>
        </test-method> <!-- runScenario -->
        <test-method retried="true" signature="runScenario(io.cucumber.testng.PickleWrapper,io.cucumber.testng.FeatureWrapper)[pri:0, instance:com.bookswagon.runner.TestRunner@4d1bf319]" started-at="2024-02-28T16:44:16 IST" name="runScenario" description="Runs Cucumber Scenarios" data-provider="scenarios" finished-at="2024-02-28T16:44:16 IST" duration-ms="6" status="SKIP">
          <params>
            <param index="0">
              <value>
                <![CDATA["Requesting a book with invalid ISBN13 number"]]>
              </value>
            </param>
            <param index="1">
              <value>
                <![CDATA["Test the functionality of requesting book"]]>
              </value>
            </param>
          </params>
          <exception class="java.lang.NullPointerException">
            <message>
              <![CDATA[Cannot invoke "org.openqa.selenium.WebDriver.get(String)" because "com.bookswagon.pages.RequestBookPage.driver" is null]]>
            </message>
            <full-stacktrace>
              <![CDATA[java.lang.NullPointerException: Cannot invoke "org.openqa.selenium.WebDriver.get(String)" because "com.bookswagon.pages.RequestBookPage.driver" is null
at com.bookswagon.pages.RequestBookPage.navigateToURL(RequestBookPage.java:59)
at com.bookswagon.stepdefinitions.RequestBookStepDefinitions.i_want_to_open_a_website_in_browser(RequestBookStepDefinitions.java:32)
at ✽.I want to Open a website in browser(file:///C:/RLL/RLL-Group-5-BooksWagon/src/test/resources/Features/RequestBook.feature:21)
]]>
            </full-stacktrace>
          </exception> <!-- java.lang.NullPointerException -->
          <reporter-output>
          </reporter-output>
        </test-method> <!-- runScenario -->
        <test-method signature="runScenario(io.cucumber.testng.PickleWrapper,io.cucumber.testng.FeatureWrapper)[pri:0, instance:com.bookswagon.runner.TestRunner@4d1bf319]" started-at="2024-02-28T16:44:16 IST" name="runScenario" description="Runs Cucumber Scenarios" data-provider="scenarios" finished-at="2024-02-28T16:44:16 IST" duration-ms="7" status="FAIL">
          <params>
            <param index="0">
              <value>
                <![CDATA["Requesting a book with invalid ISBN13 number"]]>
              </value>
            </param>
            <param index="1">
              <value>
                <![CDATA["Test the functionality of requesting book"]]>
              </value>
            </param>
          </params>
          <exception class="java.lang.NullPointerException">
            <message>
              <![CDATA[Cannot invoke "org.openqa.selenium.WebDriver.get(String)" because "com.bookswagon.pages.RequestBookPage.driver" is null]]>
            </message>
            <full-stacktrace>
              <![CDATA[java.lang.NullPointerException: Cannot invoke "org.openqa.selenium.WebDriver.get(String)" because "com.bookswagon.pages.RequestBookPage.driver" is null
at com.bookswagon.pages.RequestBookPage.navigateToURL(RequestBookPage.java:59)
at com.bookswagon.stepdefinitions.RequestBookStepDefinitions.i_want_to_open_a_website_in_browser(RequestBookStepDefinitions.java:32)
at ✽.I want to Open a website in browser(file:///C:/RLL/RLL-Group-5-BooksWagon/src/test/resources/Features/RequestBook.feature:21)
]]>
            </full-stacktrace>
          </exception> <!-- java.lang.NullPointerException -->
          <reporter-output>
          </reporter-output>
        </test-method> <!-- runScenario -->
        <test-method retried="true" signature="runScenario(io.cucumber.testng.PickleWrapper,io.cucumber.testng.FeatureWrapper)[pri:0, instance:com.bookswagon.runner.TestRunner@4d1bf319]" started-at="2024-02-28T16:44:16 IST" name="runScenario" description="Runs Cucumber Scenarios" data-provider="scenarios" finished-at="2024-02-28T16:44:16 IST" duration-ms="6" status="SKIP">
          <params>
            <param index="0">
              <value>
                <![CDATA["Requesting a book with invalid ISBN13 number"]]>
              </value>
            </param>
            <param index="1">
              <value>
                <![CDATA["Test the functionality of requesting book"]]>
              </value>
            </param>
          </params>
          <exception class="java.lang.NullPointerException">
            <message>
              <![CDATA[Cannot invoke "org.openqa.selenium.WebDriver.get(String)" because "com.bookswagon.pages.RequestBookPage.driver" is null]]>
            </message>
            <full-stacktrace>
              <![CDATA[java.lang.NullPointerException: Cannot invoke "org.openqa.selenium.WebDriver.get(String)" because "com.bookswagon.pages.RequestBookPage.driver" is null
at com.bookswagon.pages.RequestBookPage.navigateToURL(RequestBookPage.java:59)
at com.bookswagon.stepdefinitions.RequestBookStepDefinitions.i_want_to_open_a_website_in_browser(RequestBookStepDefinitions.java:32)
at ✽.I want to Open a website in browser(file:///C:/RLL/RLL-Group-5-BooksWagon/src/test/resources/Features/RequestBook.feature:21)
]]>
            </full-stacktrace>
          </exception> <!-- java.lang.NullPointerException -->
          <reporter-output>
          </reporter-output>
        </test-method> <!-- runScenario -->
        <test-method retried="true" signature="runScenario(io.cucumber.testng.PickleWrapper,io.cucumber.testng.FeatureWrapper)[pri:0, instance:com.bookswagon.runner.TestRunner@4d1bf319]" started-at="2024-02-28T16:44:16 IST" name="runScenario" description="Runs Cucumber Scenarios" data-provider="scenarios" finished-at="2024-02-28T16:44:16 IST" duration-ms="7" status="SKIP">
          <params>
            <param index="0">
              <value>
                <![CDATA["Requesting a book with invalid ISBN13 number"]]>
              </value>
            </param>
            <param index="1">
              <value>
                <![CDATA["Test the functionality of requesting book"]]>
              </value>
            </param>
          </params>
          <exception class="java.lang.NullPointerException">
            <message>
              <![CDATA[Cannot invoke "org.openqa.selenium.WebDriver.get(String)" because "com.bookswagon.pages.RequestBookPage.driver" is null]]>
            </message>
            <full-stacktrace>
              <![CDATA[java.lang.NullPointerException: Cannot invoke "org.openqa.selenium.WebDriver.get(String)" because "com.bookswagon.pages.RequestBookPage.driver" is null
at com.bookswagon.pages.RequestBookPage.navigateToURL(RequestBookPage.java:59)
at com.bookswagon.stepdefinitions.RequestBookStepDefinitions.i_want_to_open_a_website_in_browser(RequestBookStepDefinitions.java:32)
at ✽.I want to Open a website in browser(file:///C:/RLL/RLL-Group-5-BooksWagon/src/test/resources/Features/RequestBook.feature:21)
]]>
            </full-stacktrace>
          </exception> <!-- java.lang.NullPointerException -->
          <reporter-output>
          </reporter-output>
        </test-method> <!-- runScenario -->
        <test-method signature="runScenario(io.cucumber.testng.PickleWrapper,io.cucumber.testng.FeatureWrapper)[pri:0, instance:com.bookswagon.runner.TestRunner@4d1bf319]" started-at="2024-02-28T16:44:16 IST" name="runScenario" description="Runs Cucumber Scenarios" data-provider="scenarios" finished-at="2024-02-28T16:44:16 IST" duration-ms="6" status="FAIL">
          <params>
            <param index="0">
              <value>
                <![CDATA["Requesting a book with invalid ISBN13 number"]]>
              </value>
            </param>
            <param index="1">
              <value>
                <![CDATA["Test the functionality of requesting book"]]>
              </value>
            </param>
          </params>
          <exception class="java.lang.NullPointerException">
            <message>
              <![CDATA[Cannot invoke "org.openqa.selenium.WebDriver.get(String)" because "com.bookswagon.pages.RequestBookPage.driver" is null]]>
            </message>
            <full-stacktrace>
              <![CDATA[java.lang.NullPointerException: Cannot invoke "org.openqa.selenium.WebDriver.get(String)" because "com.bookswagon.pages.RequestBookPage.driver" is null
at com.bookswagon.pages.RequestBookPage.navigateToURL(RequestBookPage.java:59)
at com.bookswagon.stepdefinitions.RequestBookStepDefinitions.i_want_to_open_a_website_in_browser(RequestBookStepDefinitions.java:32)
at ✽.I want to Open a website in browser(file:///C:/RLL/RLL-Group-5-BooksWagon/src/test/resources/Features/RequestBook.feature:21)
]]>
            </full-stacktrace>
          </exception> <!-- java.lang.NullPointerException -->
          <reporter-output>
          </reporter-output>
        </test-method> <!-- runScenario -->
        <test-method retried="true" signature="runScenario(io.cucumber.testng.PickleWrapper,io.cucumber.testng.FeatureWrapper)[pri:0, instance:com.bookswagon.runner.TestRunner@4d1bf319]" started-at="2024-02-28T16:44:16 IST" name="runScenario" description="Runs Cucumber Scenarios" data-provider="scenarios" finished-at="2024-02-28T16:44:16 IST" duration-ms="10" status="SKIP">
          <params>
            <param index="0">
              <value>
                <![CDATA["Seaching the book on the bookSite"]]>
              </value>
            </param>
            <param index="1">
              <value>
                <![CDATA["Search the book on the search bar"]]>
              </value>
            </param>
          </params>
          <exception class="java.lang.NullPointerException">
            <message>
              <![CDATA[Cannot invoke "org.openqa.selenium.WebDriver.get(String)" because "this.driver" is null]]>
            </message>
            <full-stacktrace>
              <![CDATA[java.lang.NullPointerException: Cannot invoke "org.openqa.selenium.WebDriver.get(String)" because "this.driver" is null
at com.bookswagon.pages.SearchPage.navigateToUrl(SearchPage.java:50)
at com.bookswagon.stepdefinitions.SearchStepDefinitions.user_navigates_to_the_book_website(SearchStepDefinitions.java:32)
at ✽.user navigates to the book website(file:///C:/RLL/RLL-Group-5-BooksWagon/src/test/resources/Features/Search.feature:5)
]]>
            </full-stacktrace>
          </exception> <!-- java.lang.NullPointerException -->
          <reporter-output>
          </reporter-output>
        </test-method> <!-- runScenario -->
        <test-method retried="true" signature="runScenario(io.cucumber.testng.PickleWrapper,io.cucumber.testng.FeatureWrapper)[pri:0, instance:com.bookswagon.runner.TestRunner@4d1bf319]" started-at="2024-02-28T16:44:16 IST" name="runScenario" description="Runs Cucumber Scenarios" data-provider="scenarios" finished-at="2024-02-28T16:44:16 IST" duration-ms="8" status="SKIP">
          <params>
            <param index="0">
              <value>
                <![CDATA["Seaching the book on the bookSite"]]>
              </value>
            </param>
            <param index="1">
              <value>
                <![CDATA["Search the book on the search bar"]]>
              </value>
            </param>
          </params>
          <exception class="java.lang.NullPointerException">
            <message>
              <![CDATA[Cannot invoke "org.openqa.selenium.WebDriver.get(String)" because "this.driver" is null]]>
            </message>
            <full-stacktrace>
              <![CDATA[java.lang.NullPointerException: Cannot invoke "org.openqa.selenium.WebDriver.get(String)" because "this.driver" is null
at com.bookswagon.pages.SearchPage.navigateToUrl(SearchPage.java:50)
at com.bookswagon.stepdefinitions.SearchStepDefinitions.user_navigates_to_the_book_website(SearchStepDefinitions.java:32)
at ✽.user navigates to the book website(file:///C:/RLL/RLL-Group-5-BooksWagon/src/test/resources/Features/Search.feature:5)
]]>
            </full-stacktrace>
          </exception> <!-- java.lang.NullPointerException -->
          <reporter-output>
          </reporter-output>
        </test-method> <!-- runScenario -->
        <test-method signature="runScenario(io.cucumber.testng.PickleWrapper,io.cucumber.testng.FeatureWrapper)[pri:0, instance:com.bookswagon.runner.TestRunner@4d1bf319]" started-at="2024-02-28T16:44:16 IST" name="runScenario" description="Runs Cucumber Scenarios" data-provider="scenarios" finished-at="2024-02-28T16:44:16 IST" duration-ms="6" status="FAIL">
          <params>
            <param index="0">
              <value>
                <![CDATA["Seaching the book on the bookSite"]]>
              </value>
            </param>
            <param index="1">
              <value>
                <![CDATA["Search the book on the search bar"]]>
              </value>
            </param>
          </params>
          <exception class="java.lang.NullPointerException">
            <message>
              <![CDATA[Cannot invoke "org.openqa.selenium.WebDriver.get(String)" because "this.driver" is null]]>
            </message>
            <full-stacktrace>
              <![CDATA[java.lang.NullPointerException: Cannot invoke "org.openqa.selenium.WebDriver.get(String)" because "this.driver" is null
at com.bookswagon.pages.SearchPage.navigateToUrl(SearchPage.java:50)
at com.bookswagon.stepdefinitions.SearchStepDefinitions.user_navigates_to_the_book_website(SearchStepDefinitions.java:32)
at ✽.user navigates to the book website(file:///C:/RLL/RLL-Group-5-BooksWagon/src/test/resources/Features/Search.feature:5)
]]>
            </full-stacktrace>
          </exception> <!-- java.lang.NullPointerException -->
          <reporter-output>
          </reporter-output>
        </test-method> <!-- runScenario -->
        <test-method retried="true" signature="runScenario(io.cucumber.testng.PickleWrapper,io.cucumber.testng.FeatureWrapper)[pri:0, instance:com.bookswagon.runner.TestRunner@4d1bf319]" started-at="2024-02-28T16:44:16 IST" name="runScenario" description="Runs Cucumber Scenarios" data-provider="scenarios" finished-at="2024-02-28T16:44:16 IST" duration-ms="6" status="SKIP">
          <params>
            <param index="0">
              <value>
                <![CDATA["Seaching the book on the bookSite"]]>
              </value>
            </param>
            <param index="1">
              <value>
                <![CDATA["Search the book on the search bar"]]>
              </value>
            </param>
          </params>
          <exception class="java.lang.NullPointerException">
            <message>
              <![CDATA[Cannot invoke "org.openqa.selenium.WebDriver.get(String)" because "this.driver" is null]]>
            </message>
            <full-stacktrace>
              <![CDATA[java.lang.NullPointerException: Cannot invoke "org.openqa.selenium.WebDriver.get(String)" because "this.driver" is null
at com.bookswagon.pages.SearchPage.navigateToUrl(SearchPage.java:50)
at com.bookswagon.stepdefinitions.SearchStepDefinitions.user_navigates_to_the_book_website(SearchStepDefinitions.java:32)
at ✽.user navigates to the book website(file:///C:/RLL/RLL-Group-5-BooksWagon/src/test/resources/Features/Search.feature:5)
]]>
            </full-stacktrace>
          </exception> <!-- java.lang.NullPointerException -->
          <reporter-output>
          </reporter-output>
        </test-method> <!-- runScenario -->
        <test-method retried="true" signature="runScenario(io.cucumber.testng.PickleWrapper,io.cucumber.testng.FeatureWrapper)[pri:0, instance:com.bookswagon.runner.TestRunner@4d1bf319]" started-at="2024-02-28T16:44:16 IST" name="runScenario" description="Runs Cucumber Scenarios" data-provider="scenarios" finished-at="2024-02-28T16:44:16 IST" duration-ms="6" status="SKIP">
          <params>
            <param index="0">
              <value>
                <![CDATA["Seaching the book on the bookSite"]]>
              </value>
            </param>
            <param index="1">
              <value>
                <![CDATA["Search the book on the search bar"]]>
              </value>
            </param>
          </params>
          <exception class="java.lang.NullPointerException">
            <message>
              <![CDATA[Cannot invoke "org.openqa.selenium.WebDriver.get(String)" because "this.driver" is null]]>
            </message>
            <full-stacktrace>
              <![CDATA[java.lang.NullPointerException: Cannot invoke "org.openqa.selenium.WebDriver.get(String)" because "this.driver" is null
at com.bookswagon.pages.SearchPage.navigateToUrl(SearchPage.java:50)
at com.bookswagon.stepdefinitions.SearchStepDefinitions.user_navigates_to_the_book_website(SearchStepDefinitions.java:32)
at ✽.user navigates to the book website(file:///C:/RLL/RLL-Group-5-BooksWagon/src/test/resources/Features/Search.feature:5)
]]>
            </full-stacktrace>
          </exception> <!-- java.lang.NullPointerException -->
          <reporter-output>
          </reporter-output>
        </test-method> <!-- runScenario -->
        <test-method signature="runScenario(io.cucumber.testng.PickleWrapper,io.cucumber.testng.FeatureWrapper)[pri:0, instance:com.bookswagon.runner.TestRunner@4d1bf319]" started-at="2024-02-28T16:44:16 IST" name="runScenario" description="Runs Cucumber Scenarios" data-provider="scenarios" finished-at="2024-02-28T16:44:16 IST" duration-ms="6" status="FAIL">
          <params>
            <param index="0">
              <value>
                <![CDATA["Seaching the book on the bookSite"]]>
              </value>
            </param>
            <param index="1">
              <value>
                <![CDATA["Search the book on the search bar"]]>
              </value>
            </param>
          </params>
          <exception class="java.lang.NullPointerException">
            <message>
              <![CDATA[Cannot invoke "org.openqa.selenium.WebDriver.get(String)" because "this.driver" is null]]>
            </message>
            <full-stacktrace>
              <![CDATA[java.lang.NullPointerException: Cannot invoke "org.openqa.selenium.WebDriver.get(String)" because "this.driver" is null
at com.bookswagon.pages.SearchPage.navigateToUrl(SearchPage.java:50)
at com.bookswagon.stepdefinitions.SearchStepDefinitions.user_navigates_to_the_book_website(SearchStepDefinitions.java:32)
at ✽.user navigates to the book website(file:///C:/RLL/RLL-Group-5-BooksWagon/src/test/resources/Features/Search.feature:5)
]]>
            </full-stacktrace>
          </exception> <!-- java.lang.NullPointerException -->
          <reporter-output>
          </reporter-output>
        </test-method> <!-- runScenario -->
        <test-method retried="true" signature="runScenario(io.cucumber.testng.PickleWrapper,io.cucumber.testng.FeatureWrapper)[pri:0, instance:com.bookswagon.runner.TestRunner@4d1bf319]" started-at="2024-02-28T16:44:16 IST" name="runScenario" description="Runs Cucumber Scenarios" data-provider="scenarios" finished-at="2024-02-28T16:44:16 IST" duration-ms="14" status="SKIP">
          <params>
            <param index="0">
              <value>
                <![CDATA["to test the My Wishlist page"]]>
              </value>
            </param>
            <param index="1">
              <value>
                <![CDATA["to test the Books Wagon page on chrome browser"]]>
              </value>
            </param>
          </params>
          <exception class="java.lang.NullPointerException">
            <message>
              <![CDATA[Cannot invoke "org.openqa.selenium.WebDriver.get(String)" because "this.driver" is null]]>
            </message>
            <full-stacktrace>
              <![CDATA[java.lang.NullPointerException: Cannot invoke "org.openqa.selenium.WebDriver.get(String)" because "this.driver" is null
at com.bookswagon.pages.MyWishListPage.navigateToURL(MyWishListPage.java:72)
at com.bookswagon.stepdefinitions.WishListStepDefinitions.the_url_of_bookswagon_website(WishListStepDefinitions.java:33)
at ✽.the URL of bookswagon website(file:///C:/RLL/RLL-Group-5-BooksWagon/src/test/resources/Features/WishList.feature:4)
]]>
            </full-stacktrace>
          </exception> <!-- java.lang.NullPointerException -->
          <reporter-output>
          </reporter-output>
        </test-method> <!-- runScenario -->
        <test-method retried="true" signature="runScenario(io.cucumber.testng.PickleWrapper,io.cucumber.testng.FeatureWrapper)[pri:0, instance:com.bookswagon.runner.TestRunner@4d1bf319]" started-at="2024-02-28T16:44:16 IST" name="runScenario" description="Runs Cucumber Scenarios" data-provider="scenarios" finished-at="2024-02-28T16:44:16 IST" duration-ms="6" status="SKIP">
          <params>
            <param index="0">
              <value>
                <![CDATA["to test the My Wishlist page"]]>
              </value>
            </param>
            <param index="1">
              <value>
                <![CDATA["to test the Books Wagon page on chrome browser"]]>
              </value>
            </param>
          </params>
          <exception class="java.lang.NullPointerException">
            <message>
              <![CDATA[Cannot invoke "org.openqa.selenium.WebDriver.get(String)" because "this.driver" is null]]>
            </message>
            <full-stacktrace>
              <![CDATA[java.lang.NullPointerException: Cannot invoke "org.openqa.selenium.WebDriver.get(String)" because "this.driver" is null
at com.bookswagon.pages.MyWishListPage.navigateToURL(MyWishListPage.java:72)
at com.bookswagon.stepdefinitions.WishListStepDefinitions.the_url_of_bookswagon_website(WishListStepDefinitions.java:33)
at ✽.the URL of bookswagon website(file:///C:/RLL/RLL-Group-5-BooksWagon/src/test/resources/Features/WishList.feature:4)
]]>
            </full-stacktrace>
          </exception> <!-- java.lang.NullPointerException -->
          <reporter-output>
          </reporter-output>
        </test-method> <!-- runScenario -->
        <test-method signature="runScenario(io.cucumber.testng.PickleWrapper,io.cucumber.testng.FeatureWrapper)[pri:0, instance:com.bookswagon.runner.TestRunner@4d1bf319]" started-at="2024-02-28T16:44:16 IST" name="runScenario" description="Runs Cucumber Scenarios" data-provider="scenarios" finished-at="2024-02-28T16:44:16 IST" duration-ms="6" status="FAIL">
          <params>
            <param index="0">
              <value>
                <![CDATA["to test the My Wishlist page"]]>
              </value>
            </param>
            <param index="1">
              <value>
                <![CDATA["to test the Books Wagon page on chrome browser"]]>
              </value>
            </param>
          </params>
          <exception class="java.lang.NullPointerException">
            <message>
              <![CDATA[Cannot invoke "org.openqa.selenium.WebDriver.get(String)" because "this.driver" is null]]>
            </message>
            <full-stacktrace>
              <![CDATA[java.lang.NullPointerException: Cannot invoke "org.openqa.selenium.WebDriver.get(String)" because "this.driver" is null
at com.bookswagon.pages.MyWishListPage.navigateToURL(MyWishListPage.java:72)
at com.bookswagon.stepdefinitions.WishListStepDefinitions.the_url_of_bookswagon_website(WishListStepDefinitions.java:33)
at ✽.the URL of bookswagon website(file:///C:/RLL/RLL-Group-5-BooksWagon/src/test/resources/Features/WishList.feature:4)
]]>
            </full-stacktrace>
          </exception> <!-- java.lang.NullPointerException -->
          <reporter-output>
          </reporter-output>
        </test-method> <!-- runScenario -->
        <test-method is-config="true" signature="tearDownClass()[pri:0, instance:com.bookswagon.runner.TestRunner@4d1bf319]" started-at="2024-02-28T16:44:16 IST" name="tearDownClass" finished-at="2024-02-28T16:44:16 IST" duration-ms="142" status="PASS">
          <reporter-output>
          </reporter-output>
        </test-method> <!-- tearDownClass -->
      </class> <!-- com.bookswagon.runner.TestRunner -->
    </test> <!-- Books Wagon Testing -->
  </suite> <!-- Suite -->
</testng-results>
